[debug] [2023-02-23T06:56:31.830Z] ----------------------------------------------------------------------
[debug] [2023-02-23T06:56:31.833Z] Command:       C:\Program Files\nodejs\node.exe C:\Program Files\nodejs\node_modules\firebase-tools\lib\bin\firebase.js deploy
[debug] [2023-02-23T06:56:31.833Z] CLI Version:   11.23.1
[debug] [2023-02-23T06:56:31.833Z] Platform:      win32
[debug] [2023-02-23T06:56:31.833Z] Node Version:  v14.19.1
[debug] [2023-02-23T06:56:31.834Z] Time:          Thu Feb 23 2023 14:56:31 GMT+0800 (台北標準時間)
[debug] [2023-02-23T06:56:31.834Z] ----------------------------------------------------------------------
[debug] 
[debug] [2023-02-23T06:56:31.916Z] > command requires scopes: ["email","openid","https://www.googleapis.com/auth/cloudplatformprojects.readonly","https://www.googleapis.com/auth/firebase","https://www.googleapis.com/auth/cloud-platform"]
[debug] [2023-02-23T06:56:31.917Z] > authorizing via signed-in user (street.baller06@gmail.com)
[debug] [2023-02-23T06:56:31.917Z] [iam] checking project linebot-rasa for permissions ["cloudfunctions.functions.create","cloudfunctions.functions.delete","cloudfunctions.functions.get","cloudfunctions.functions.list","cloudfunctions.functions.update","cloudfunctions.operations.get","firebase.projects.get"]
[debug] [2023-02-23T06:56:31.919Z] >>> [apiv2][query] POST https://cloudresourcemanager.googleapis.com/v1/projects/linebot-rasa:testIamPermissions [none]
[debug] [2023-02-23T06:56:31.919Z] >>> [apiv2][(partial)header] POST https://cloudresourcemanager.googleapis.com/v1/projects/linebot-rasa:testIamPermissions x-goog-quota-user=projects/linebot-rasa
[debug] [2023-02-23T06:56:31.920Z] >>> [apiv2][body] POST https://cloudresourcemanager.googleapis.com/v1/projects/linebot-rasa:testIamPermissions {"permissions":["cloudfunctions.functions.create","cloudfunctions.functions.delete","cloudfunctions.functions.get","cloudfunctions.functions.list","cloudfunctions.functions.update","cloudfunctions.operations.get","firebase.projects.get"]}
[debug] [2023-02-23T06:56:32.808Z] <<< [apiv2][status] POST https://cloudresourcemanager.googleapis.com/v1/projects/linebot-rasa:testIamPermissions 200
[debug] [2023-02-23T06:56:32.809Z] <<< [apiv2][body] POST https://cloudresourcemanager.googleapis.com/v1/projects/linebot-rasa:testIamPermissions {"permissions":["cloudfunctions.functions.create","cloudfunctions.functions.delete","cloudfunctions.functions.get","cloudfunctions.functions.list","cloudfunctions.functions.update","cloudfunctions.operations.get","firebase.projects.get"]}
[debug] [2023-02-23T06:56:32.811Z] >>> [apiv2][query] POST https://iam.googleapis.com/v1/projects/linebot-rasa/serviceAccounts/linebot-rasa@appspot.gserviceaccount.com:testIamPermissions [none]
[debug] [2023-02-23T06:56:32.811Z] >>> [apiv2][body] POST https://iam.googleapis.com/v1/projects/linebot-rasa/serviceAccounts/linebot-rasa@appspot.gserviceaccount.com:testIamPermissions {"permissions":["iam.serviceAccounts.actAs"]}
[debug] [2023-02-23T06:56:33.027Z] <<< [apiv2][status] POST https://iam.googleapis.com/v1/projects/linebot-rasa/serviceAccounts/linebot-rasa@appspot.gserviceaccount.com:testIamPermissions 200
[debug] [2023-02-23T06:56:33.028Z] <<< [apiv2][body] POST https://iam.googleapis.com/v1/projects/linebot-rasa/serviceAccounts/linebot-rasa@appspot.gserviceaccount.com:testIamPermissions {"permissions":["iam.serviceAccounts.actAs"]}
[info] 
[info] === Deploying to 'linebot-rasa'...
[info] 
[info] i  deploying functions 
[debug] [2023-02-23T06:56:33.042Z] >>> [apiv2][query] GET https://firebase.googleapis.com/v1beta1/projects/linebot-rasa [none]
[debug] [2023-02-23T06:56:33.321Z] <<< [apiv2][status] GET https://firebase.googleapis.com/v1beta1/projects/linebot-rasa 200
[debug] [2023-02-23T06:56:33.322Z] <<< [apiv2][body] GET https://firebase.googleapis.com/v1beta1/projects/linebot-rasa {"projectId":"linebot-rasa","projectNumber":"229765091440","displayName":"linebot-rasa","name":"projects/linebot-rasa","resources":{"hostingSite":"linebot-rasa"},"state":"ACTIVE","etag":"1_36f4fdfc-06c4-44cc-a620-6bf827490c68"}
[info] i  functions: preparing codebase default for deployment 
[info] i  functions: ensuring required API cloudfunctions.googleapis.com is enabled... 
[info] i  functions: ensuring required API cloudbuild.googleapis.com is enabled... 
[info] i  artifactregistry: ensuring required API artifactregistry.googleapis.com is enabled... 
[debug] [2023-02-23T06:56:33.335Z] >>> [apiv2][query] GET https://serviceusage.googleapis.com/v1/projects/linebot-rasa/services/cloudfunctions.googleapis.com [none]
[debug] [2023-02-23T06:56:33.336Z] >>> [apiv2][(partial)header] GET https://serviceusage.googleapis.com/v1/projects/linebot-rasa/services/cloudfunctions.googleapis.com x-goog-quota-user=projects/linebot-rasa
[debug] [2023-02-23T06:56:33.340Z] >>> [apiv2][query] GET https://serviceusage.googleapis.com/v1/projects/linebot-rasa/services/runtimeconfig.googleapis.com [none]
[debug] [2023-02-23T06:56:33.340Z] >>> [apiv2][(partial)header] GET https://serviceusage.googleapis.com/v1/projects/linebot-rasa/services/runtimeconfig.googleapis.com x-goog-quota-user=projects/linebot-rasa
[debug] [2023-02-23T06:56:33.343Z] >>> [apiv2][query] GET https://serviceusage.googleapis.com/v1/projects/linebot-rasa/services/cloudbuild.googleapis.com [none]
[debug] [2023-02-23T06:56:33.343Z] >>> [apiv2][(partial)header] GET https://serviceusage.googleapis.com/v1/projects/linebot-rasa/services/cloudbuild.googleapis.com x-goog-quota-user=projects/linebot-rasa
[debug] [2023-02-23T06:56:33.346Z] >>> [apiv2][query] GET https://serviceusage.googleapis.com/v1/projects/linebot-rasa/services/artifactregistry.googleapis.com [none]
[debug] [2023-02-23T06:56:33.346Z] >>> [apiv2][(partial)header] GET https://serviceusage.googleapis.com/v1/projects/linebot-rasa/services/artifactregistry.googleapis.com x-goog-quota-user=projects/linebot-rasa
[debug] [2023-02-23T06:56:34.514Z] <<< [apiv2][status] GET https://serviceusage.googleapis.com/v1/projects/linebot-rasa/services/artifactregistry.googleapis.com 200
[debug] [2023-02-23T06:56:34.515Z] <<< [apiv2][body] GET https://serviceusage.googleapis.com/v1/projects/linebot-rasa/services/artifactregistry.googleapis.com [omitted]
[warn] !  artifactregistry: missing required API artifactregistry.googleapis.com. Enabling now... 
[debug] [2023-02-23T06:56:34.520Z] >>> [apiv2][query] POST https://serviceusage.googleapis.com/v1/projects/linebot-rasa/services/artifactregistry.googleapis.com:enable [none]
[debug] [2023-02-23T06:56:34.521Z] >>> [apiv2][(partial)header] POST https://serviceusage.googleapis.com/v1/projects/linebot-rasa/services/artifactregistry.googleapis.com:enable x-goog-quota-user=projects/linebot-rasa
[debug] [2023-02-23T06:56:34.536Z] <<< [apiv2][status] GET https://serviceusage.googleapis.com/v1/projects/linebot-rasa/services/cloudbuild.googleapis.com 200
[debug] [2023-02-23T06:56:34.536Z] <<< [apiv2][body] GET https://serviceusage.googleapis.com/v1/projects/linebot-rasa/services/cloudbuild.googleapis.com [omitted]
[warn] !  functions: missing required API cloudbuild.googleapis.com. Enabling now... 
[debug] [2023-02-23T06:56:34.537Z] >>> [apiv2][query] POST https://serviceusage.googleapis.com/v1/projects/linebot-rasa/services/cloudbuild.googleapis.com:enable [none]
[debug] [2023-02-23T06:56:34.537Z] >>> [apiv2][(partial)header] POST https://serviceusage.googleapis.com/v1/projects/linebot-rasa/services/cloudbuild.googleapis.com:enable x-goog-quota-user=projects/linebot-rasa
[debug] [2023-02-23T06:56:34.583Z] <<< [apiv2][status] GET https://serviceusage.googleapis.com/v1/projects/linebot-rasa/services/cloudfunctions.googleapis.com 200
[debug] [2023-02-23T06:56:34.584Z] <<< [apiv2][body] GET https://serviceusage.googleapis.com/v1/projects/linebot-rasa/services/cloudfunctions.googleapis.com [omitted]
[info] +  functions: required API cloudfunctions.googleapis.com is enabled 
[debug] [2023-02-23T06:56:34.600Z] <<< [apiv2][status] GET https://serviceusage.googleapis.com/v1/projects/linebot-rasa/services/runtimeconfig.googleapis.com 200
[debug] [2023-02-23T06:56:34.600Z] <<< [apiv2][body] GET https://serviceusage.googleapis.com/v1/projects/linebot-rasa/services/runtimeconfig.googleapis.com [omitted]
[debug] [2023-02-23T06:56:35.808Z] <<< [apiv2][status] POST https://serviceusage.googleapis.com/v1/projects/linebot-rasa/services/artifactregistry.googleapis.com:enable 200
[debug] [2023-02-23T06:56:35.808Z] <<< [apiv2][body] POST https://serviceusage.googleapis.com/v1/projects/linebot-rasa/services/artifactregistry.googleapis.com:enable [omitted]
[debug] [2023-02-23T06:56:35.991Z] <<< [apiv2][status] POST https://serviceusage.googleapis.com/v1/projects/linebot-rasa/services/cloudbuild.googleapis.com:enable 200
[debug] [2023-02-23T06:56:35.991Z] <<< [apiv2][body] POST https://serviceusage.googleapis.com/v1/projects/linebot-rasa/services/cloudbuild.googleapis.com:enable [omitted]
[debug] [2023-02-23T06:56:45.825Z] >>> [apiv2][query] GET https://serviceusage.googleapis.com/v1/projects/linebot-rasa/services/artifactregistry.googleapis.com [none]
[debug] [2023-02-23T06:56:45.826Z] >>> [apiv2][(partial)header] GET https://serviceusage.googleapis.com/v1/projects/linebot-rasa/services/artifactregistry.googleapis.com x-goog-quota-user=projects/linebot-rasa
[debug] [2023-02-23T06:56:45.994Z] >>> [apiv2][query] GET https://serviceusage.googleapis.com/v1/projects/linebot-rasa/services/cloudbuild.googleapis.com [none]
[debug] [2023-02-23T06:56:45.994Z] >>> [apiv2][(partial)header] GET https://serviceusage.googleapis.com/v1/projects/linebot-rasa/services/cloudbuild.googleapis.com x-goog-quota-user=projects/linebot-rasa
[debug] [2023-02-23T06:56:47.035Z] <<< [apiv2][status] GET https://serviceusage.googleapis.com/v1/projects/linebot-rasa/services/artifactregistry.googleapis.com 200
[debug] [2023-02-23T06:56:47.036Z] <<< [apiv2][body] GET https://serviceusage.googleapis.com/v1/projects/linebot-rasa/services/artifactregistry.googleapis.com [omitted]
[info] +  artifactregistry: required API artifactregistry.googleapis.com is enabled 
[debug] [2023-02-23T06:56:47.230Z] <<< [apiv2][status] GET https://serviceusage.googleapis.com/v1/projects/linebot-rasa/services/cloudbuild.googleapis.com 200
[debug] [2023-02-23T06:56:47.230Z] <<< [apiv2][body] GET https://serviceusage.googleapis.com/v1/projects/linebot-rasa/services/cloudbuild.googleapis.com [omitted]
[info] +  functions: required API cloudbuild.googleapis.com is enabled 
[debug] [2023-02-23T06:56:47.233Z] >>> [apiv2][query] GET https://firebase.googleapis.com/v1beta1/projects/linebot-rasa/adminSdkConfig [none]
[debug] [2023-02-23T06:56:47.568Z] <<< [apiv2][status] GET https://firebase.googleapis.com/v1beta1/projects/linebot-rasa/adminSdkConfig 200
[debug] [2023-02-23T06:56:47.568Z] <<< [apiv2][body] GET https://firebase.googleapis.com/v1beta1/projects/linebot-rasa/adminSdkConfig {"projectId":"linebot-rasa","storageBucket":"linebot-rasa.appspot.com"}
[debug] [2023-02-23T06:56:47.571Z] >>> [apiv2][query] GET https://runtimeconfig.googleapis.com/v1beta1/projects/linebot-rasa/configs [none]
[debug] [2023-02-23T06:56:48.614Z] <<< [apiv2][status] GET https://runtimeconfig.googleapis.com/v1beta1/projects/linebot-rasa/configs 200
[debug] [2023-02-23T06:56:48.615Z] <<< [apiv2][body] GET https://runtimeconfig.googleapis.com/v1beta1/projects/linebot-rasa/configs {}
[debug] [2023-02-23T06:56:48.620Z] Validating nodejs source
[debug] [2023-02-23T06:56:50.726Z] > [functions] package.json contents: {
  "name": "functions",
  "description": "Cloud Functions for Firebase",
  "scripts": {
    "serve": "firebase emulators:start --only functions",
    "shell": "firebase functions:shell",
    "start": "npm run shell",
    "deploy": "firebase deploy --only functions",
    "logs": "firebase functions:log"
  },
  "engines": {
    "node": "16"
  },
  "main": "index.js",
  "dependencies": {
    "firebase-admin": "^11.5.0",
    "firebase-functions": "^4.2.0"
  },
  "devDependencies": {
    "firebase-functions-test": "^3.0.0"
  },
  "private": true
}
[debug] [2023-02-23T06:56:50.726Z] Building nodejs source
[debug] [2023-02-23T06:56:50.728Z] Could not find functions.yaml. Must use http discovery
[debug] [2023-02-23T06:56:50.747Z] Found firebase-functions binary at 'C:\Users\harrychien\Desktop\vscode_file\lineBot\functions\node_modules\.bin\firebase-functions'
[debug] [2023-02-23T06:56:51.453Z] Serving at port 8767

[debug] [2023-02-23T06:56:54.768Z] Got response from /__/functions.yaml {"endpoints":{"post":{"platform":"gcfv1","availableMemoryMb":null,"timeoutSeconds":null,"minInstances":null,"maxInstances":null,"ingressSettings":null,"serviceAccountEmail":null,"vpc":null,"httpsTrigger":{},"entryPoint":"post"}},"specVersion":"v1alpha1","requiredAPIs":[]}
[debug] [2023-02-23T06:56:54.778Z] shutdown requested via /__/quitquitquit

[info] i  functions: preparing functions directory for uploading... 
[info] i  functions: packaged C:\Users\harrychien\Desktop\vscode_file\lineBot\functions (33.74 KB) for uploading 
[debug] [2023-02-23T06:56:54.852Z] >>> [apiv2][query] GET https://cloudfunctions.googleapis.com/v1/projects/linebot-rasa/locations/-/functions [none]
[debug] [2023-02-23T06:56:55.858Z] <<< [apiv2][status] GET https://cloudfunctions.googleapis.com/v1/projects/linebot-rasa/locations/-/functions 200
[debug] [2023-02-23T06:56:55.858Z] <<< [apiv2][body] GET https://cloudfunctions.googleapis.com/v1/projects/linebot-rasa/locations/-/functions {}
[debug] [2023-02-23T06:56:55.862Z] >>> [apiv2][query] GET https://cloudfunctions.googleapis.com/v2/projects/linebot-rasa/locations/-/functions filter=environment%3D%22GEN_2%22
[debug] [2023-02-23T06:56:57.154Z] <<< [apiv2][status] GET https://cloudfunctions.googleapis.com/v2/projects/linebot-rasa/locations/-/functions 200
[debug] [2023-02-23T06:56:57.154Z] <<< [apiv2][body] GET https://cloudfunctions.googleapis.com/v2/projects/linebot-rasa/locations/-/functions {}
[debug] [2023-02-23T06:56:57.172Z] >>> [apiv2][query] GET https://firebase.googleapis.com/v1beta1/projects/linebot-rasa [none]
[debug] [2023-02-23T06:56:57.402Z] <<< [apiv2][status] GET https://firebase.googleapis.com/v1beta1/projects/linebot-rasa 200
[debug] [2023-02-23T06:56:57.402Z] <<< [apiv2][body] GET https://firebase.googleapis.com/v1beta1/projects/linebot-rasa {"projectId":"linebot-rasa","projectNumber":"229765091440","displayName":"linebot-rasa","name":"projects/linebot-rasa","resources":{"hostingSite":"linebot-rasa"},"state":"ACTIVE","etag":"1_36f4fdfc-06c4-44cc-a620-6bf827490c68"}
[debug] [2023-02-23T06:56:57.406Z] [functions] found 1 new HTTP functions, testing setIamPolicy permission...
[debug] [2023-02-23T06:56:57.407Z] >>> [apiv2][query] POST https://cloudresourcemanager.googleapis.com/v1/projects/linebot-rasa:testIamPermissions [none]
[debug] [2023-02-23T06:56:57.408Z] >>> [apiv2][(partial)header] POST https://cloudresourcemanager.googleapis.com/v1/projects/linebot-rasa:testIamPermissions x-goog-quota-user=projects/linebot-rasa
[debug] [2023-02-23T06:56:57.408Z] >>> [apiv2][body] POST https://cloudresourcemanager.googleapis.com/v1/projects/linebot-rasa:testIamPermissions {"permissions":["cloudfunctions.functions.setIamPolicy"]}
[debug] [2023-02-23T06:56:58.208Z] <<< [apiv2][status] POST https://cloudresourcemanager.googleapis.com/v1/projects/linebot-rasa:testIamPermissions 200
[debug] [2023-02-23T06:56:58.209Z] <<< [apiv2][body] POST https://cloudresourcemanager.googleapis.com/v1/projects/linebot-rasa:testIamPermissions {"permissions":["cloudfunctions.functions.setIamPolicy"]}
[debug] [2023-02-23T06:56:58.209Z] [functions] found setIamPolicy permission, proceeding with deploy
[debug] [2023-02-23T06:56:58.213Z] >>> [apiv2][query] POST https://cloudfunctions.googleapis.com/v1/projects/linebot-rasa/locations/us-central1/functions:generateUploadUrl [none]
[debug] [2023-02-23T06:56:58.213Z] >>> [apiv2][body] POST https://cloudfunctions.googleapis.com/v1/projects/linebot-rasa/locations/us-central1/functions:generateUploadUrl {}
[debug] [2023-02-23T06:57:08.493Z] <<< [apiv2][status] POST https://cloudfunctions.googleapis.com/v1/projects/linebot-rasa/locations/us-central1/functions:generateUploadUrl 200
[debug] [2023-02-23T06:57:08.494Z] <<< [apiv2][body] POST https://cloudfunctions.googleapis.com/v1/projects/linebot-rasa/locations/us-central1/functions:generateUploadUrl {"uploadUrl":"https://storage.googleapis.com/uploads-50658663589.us-central1.cloudfunctions.appspot.com/debfc245-79ad-4200-84db-4df9fd58bb64.zip?GoogleAccessId=service-229765091440@gcf-admin-robot.iam.gserviceaccount.com&Expires=1677137228&Signature=Dsr4SZQBagIpQ3zc4huBc3SxlKy%2Bsz2GZhHqREPfUNLkk4LUt404Zm4acU5rszq9tMuou%2BPQsWoY%2FZGTHkZSIziCx8A2F6ghlPXhSiMOHxJlw40fE%2B3VcmPDO6QcJjdfmTS4Yq6JU1rUDxDI9zuzcqU4nA%2FmOVjWm8SD%2B%2Bw1%2F5WXYpaJ2Q1b37PwJ6sYtmt%2FCJSltmYBQtxEDPgmFtTi7tMSNpOvTrK5veSCcygWwo%2F0l7NywhJKmcqw0%2FhXh3sFyTcH113q8k8tp%2BWw7iMEBIjrruInCx0ZbnqNhl3BEPifbfvD3ZaO37QZr4Afj13ZLvW7DnrsBlMuY%2BYyNMhfpw%3D%3D"}
[debug] [2023-02-23T06:57:08.497Z] >>> [apiv2][query] PUT https://storage.googleapis.com/uploads-50658663589.us-central1.cloudfunctions.appspot.com/debfc245-79ad-4200-84db-4df9fd58bb64.zip GoogleAccessId=service-229765091440%40gcf-admin-robot.iam.gserviceaccount.com&Expires=1677137228&Signature=Dsr4SZQBagIpQ3zc4huBc3SxlKy%2Bsz2GZhHqREPfUNLkk4LUt404Zm4acU5rszq9tMuou%2BPQsWoY%2FZGTHkZSIziCx8A2F6ghlPXhSiMOHxJlw40fE%2B3VcmPDO6QcJjdfmTS4Yq6JU1rUDxDI9zuzcqU4nA%2FmOVjWm8SD%2B%2Bw1%2F5WXYpaJ2Q1b37PwJ6sYtmt%2FCJSltmYBQtxEDPgmFtTi7tMSNpOvTrK5veSCcygWwo%2F0l7NywhJKmcqw0%2FhXh3sFyTcH113q8k8tp%2BWw7iMEBIjrruInCx0ZbnqNhl3BEPifbfvD3ZaO37QZr4Afj13ZLvW7DnrsBlMuY%2BYyNMhfpw%3D%3D
[debug] [2023-02-23T06:57:08.497Z] >>> [apiv2][body] PUT https://storage.googleapis.com/uploads-50658663589.us-central1.cloudfunctions.appspot.com/debfc245-79ad-4200-84db-4df9fd58bb64.zip [stream]
[debug] [2023-02-23T06:57:08.817Z] <<< [apiv2][status] PUT https://storage.googleapis.com/uploads-50658663589.us-central1.cloudfunctions.appspot.com/debfc245-79ad-4200-84db-4df9fd58bb64.zip 200
[debug] [2023-02-23T06:57:08.817Z] <<< [apiv2][body] PUT https://storage.googleapis.com/uploads-50658663589.us-central1.cloudfunctions.appspot.com/debfc245-79ad-4200-84db-4df9fd58bb64.zip [omitted]
[info] +  functions: functions folder uploaded successfully 
[info] i  functions: creating Node.js 16 function post(us-central1)... 
[debug] [2023-02-23T06:57:08.836Z] >>> [apiv2][query] POST https://cloudfunctions.googleapis.com/v1/projects/linebot-rasa/locations/us-central1/functions [none]
[debug] [2023-02-23T06:57:08.837Z] >>> [apiv2][body] POST https://cloudfunctions.googleapis.com/v1/projects/linebot-rasa/locations/us-central1/functions {"name":"projects/linebot-rasa/locations/us-central1/functions/post","sourceUploadUrl":"https://storage.googleapis.com/uploads-50658663589.us-central1.cloudfunctions.appspot.com/debfc245-79ad-4200-84db-4df9fd58bb64.zip?GoogleAccessId=service-229765091440@gcf-admin-robot.iam.gserviceaccount.com&Expires=1677137228&Signature=Dsr4SZQBagIpQ3zc4huBc3SxlKy%2Bsz2GZhHqREPfUNLkk4LUt404Zm4acU5rszq9tMuou%2BPQsWoY%2FZGTHkZSIziCx8A2F6ghlPXhSiMOHxJlw40fE%2B3VcmPDO6QcJjdfmTS4Yq6JU1rUDxDI9zuzcqU4nA%2FmOVjWm8SD%2B%2Bw1%2F5WXYpaJ2Q1b37PwJ6sYtmt%2FCJSltmYBQtxEDPgmFtTi7tMSNpOvTrK5veSCcygWwo%2F0l7NywhJKmcqw0%2FhXh3sFyTcH113q8k8tp%2BWw7iMEBIjrruInCx0ZbnqNhl3BEPifbfvD3ZaO37QZr4Afj13ZLvW7DnrsBlMuY%2BYyNMhfpw%3D%3D","entryPoint":"post","runtime":"nodejs16","dockerRegistry":"ARTIFACT_REGISTRY","labels":{"deployment-tool":"cli-firebase","firebase-functions-hash":"00b6c4baebc2bac3ce01498bc0a556ce6fd7cfdb"},"httpsTrigger":{"securityLevel":"SECURE_ALWAYS"},"minInstances":null,"maxInstances":null,"ingressSettings":null,"environmentVariables":{"FIREBASE_CONFIG":"{\"projectId\":\"linebot-rasa\",\"storageBucket\":\"linebot-rasa.appspot.com\"}","GCLOUD_PROJECT":"linebot-rasa","EVENTARC_CLOUD_EVENT_SOURCE":"projects/linebot-rasa/locations/us-central1/functions/post"},"serviceAccountEmail":null,"availableMemoryMb":null,"timeout":null,"vpcConnector":null,"vpcConnectorEgressSettings":null}
[debug] [2023-02-23T06:57:09.561Z] <<< [apiv2][status] POST https://cloudfunctions.googleapis.com/v1/projects/linebot-rasa/locations/us-central1/functions 200
[debug] [2023-02-23T06:57:09.561Z] <<< [apiv2][body] POST https://cloudfunctions.googleapis.com/v1/projects/linebot-rasa/locations/us-central1/functions {"name":"operations/bGluZWJvdC1yYXNhL3VzLWNlbnRyYWwxL3Bvc3QvOTlyZEYxclVxT00","metadata":{"@type":"type.googleapis.com/google.cloud.functions.v1.OperationMetadataV1","target":"projects/linebot-rasa/locations/us-central1/functions/post","type":"CREATE_FUNCTION","request":{"@type":"type.googleapis.com/google.cloud.functions.v1.CloudFunction","name":"projects/linebot-rasa/locations/us-central1/functions/post","httpsTrigger":{"securityLevel":"SECURE_ALWAYS"},"entryPoint":"post","labels":{"deployment-tool":"cli-firebase","firebase-functions-hash":"00b6c4baebc2bac3ce01498bc0a556ce6fd7cfdb"},"sourceUploadUrl":"https://storage.googleapis.com/uploads-50658663589.us-central1.cloudfunctions.appspot.com/debfc245-79ad-4200-84db-4df9fd58bb64.zip?GoogleAccessId=service-229765091440@gcf-admin-robot.iam.gserviceaccount.com&Expires=1677137228&Signature=Dsr4SZQBagIpQ3zc4huBc3SxlKy%2Bsz2GZhHqREPfUNLkk4LUt404Zm4acU5rszq9tMuou%2BPQsWoY%2FZGTHkZSIziCx8A2F6ghlPXhSiMOHxJlw40fE%2B3VcmPDO6QcJjdfmTS4Yq6JU1rUDxDI9zuzcqU4nA%2FmOVjWm8SD%2B%2Bw1%2F5WXYpaJ2Q1b37PwJ6sYtmt%2FCJSltmYBQtxEDPgmFtTi7tMSNpOvTrK5veSCcygWwo%2F0l7NywhJKmcqw0%2FhXh3sFyTcH113q8k8tp%2BWw7iMEBIjrruInCx0ZbnqNhl3BEPifbfvD3ZaO37QZr4Afj13ZLvW7DnrsBlMuY%2BYyNMhfpw%3D%3D","environmentVariables":{"FIREBASE_CONFIG":"{\"projectId\":\"linebot-rasa\",\"storageBucket\":\"linebot-rasa.appspot.com\"}","GCLOUD_PROJECT":"linebot-rasa","EVENTARC_CLOUD_EVENT_SOURCE":"projects/linebot-rasa/locations/us-central1/functions/post"},"runtime":"nodejs16","dockerRegistry":"ARTIFACT_REGISTRY"},"versionId":"1","updateTime":"2023-02-23T06:57:09Z"}}
[debug] [2023-02-23T06:57:09.563Z] >>> [apiv2][query] GET https://cloudfunctions.googleapis.com/v1/operations/bGluZWJvdC1yYXNhL3VzLWNlbnRyYWwxL3Bvc3QvOTlyZEYxclVxT00 [none]
[debug] [2023-02-23T06:57:10.068Z] <<< [apiv2][status] GET https://cloudfunctions.googleapis.com/v1/operations/bGluZWJvdC1yYXNhL3VzLWNlbnRyYWwxL3Bvc3QvOTlyZEYxclVxT00 200
[debug] [2023-02-23T06:57:10.068Z] <<< [apiv2][body] GET https://cloudfunctions.googleapis.com/v1/operations/bGluZWJvdC1yYXNhL3VzLWNlbnRyYWwxL3Bvc3QvOTlyZEYxclVxT00 {"name":"operations/bGluZWJvdC1yYXNhL3VzLWNlbnRyYWwxL3Bvc3QvOTlyZEYxclVxT00","metadata":{"@type":"type.googleapis.com/google.cloud.functions.v1.OperationMetadataV1","target":"projects/linebot-rasa/locations/us-central1/functions/post","type":"CREATE_FUNCTION","request":{"@type":"type.googleapis.com/google.cloud.functions.v1.CloudFunction","name":"projects/linebot-rasa/locations/us-central1/functions/post","httpsTrigger":{"securityLevel":"SECURE_ALWAYS"},"entryPoint":"post","labels":{"deployment-tool":"cli-firebase","firebase-functions-hash":"00b6c4baebc2bac3ce01498bc0a556ce6fd7cfdb"},"sourceUploadUrl":"https://storage.googleapis.com/uploads-50658663589.us-central1.cloudfunctions.appspot.com/debfc245-79ad-4200-84db-4df9fd58bb64.zip?GoogleAccessId=service-229765091440@gcf-admin-robot.iam.gserviceaccount.com&Expires=1677137228&Signature=Dsr4SZQBagIpQ3zc4huBc3SxlKy%2Bsz2GZhHqREPfUNLkk4LUt404Zm4acU5rszq9tMuou%2BPQsWoY%2FZGTHkZSIziCx8A2F6ghlPXhSiMOHxJlw40fE%2B3VcmPDO6QcJjdfmTS4Yq6JU1rUDxDI9zuzcqU4nA%2FmOVjWm8SD%2B%2Bw1%2F5WXYpaJ2Q1b37PwJ6sYtmt%2FCJSltmYBQtxEDPgmFtTi7tMSNpOvTrK5veSCcygWwo%2F0l7NywhJKmcqw0%2FhXh3sFyTcH113q8k8tp%2BWw7iMEBIjrruInCx0ZbnqNhl3BEPifbfvD3ZaO37QZr4Afj13ZLvW7DnrsBlMuY%2BYyNMhfpw%3D%3D","environmentVariables":{"FIREBASE_CONFIG":"{\"projectId\":\"linebot-rasa\",\"storageBucket\":\"linebot-rasa.appspot.com\"}","GCLOUD_PROJECT":"linebot-rasa","EVENTARC_CLOUD_EVENT_SOURCE":"projects/linebot-rasa/locations/us-central1/functions/post"},"runtime":"nodejs16","dockerRegistry":"ARTIFACT_REGISTRY"},"versionId":"1","updateTime":"2023-02-23T06:57:09Z"}}
[debug] [2023-02-23T06:57:10.572Z] [create-default-us-central1-post] Retrying task index 0
[debug] [2023-02-23T06:57:10.573Z] >>> [apiv2][query] GET https://cloudfunctions.googleapis.com/v1/operations/bGluZWJvdC1yYXNhL3VzLWNlbnRyYWwxL3Bvc3QvOTlyZEYxclVxT00 [none]
[debug] [2023-02-23T06:57:10.831Z] <<< [apiv2][status] GET https://cloudfunctions.googleapis.com/v1/operations/bGluZWJvdC1yYXNhL3VzLWNlbnRyYWwxL3Bvc3QvOTlyZEYxclVxT00 200
[debug] [2023-02-23T06:57:10.831Z] <<< [apiv2][body] GET https://cloudfunctions.googleapis.com/v1/operations/bGluZWJvdC1yYXNhL3VzLWNlbnRyYWwxL3Bvc3QvOTlyZEYxclVxT00 {"name":"operations/bGluZWJvdC1yYXNhL3VzLWNlbnRyYWwxL3Bvc3QvOTlyZEYxclVxT00","metadata":{"@type":"type.googleapis.com/google.cloud.functions.v1.OperationMetadataV1","target":"projects/linebot-rasa/locations/us-central1/functions/post","type":"CREATE_FUNCTION","request":{"@type":"type.googleapis.com/google.cloud.functions.v1.CloudFunction","name":"projects/linebot-rasa/locations/us-central1/functions/post","httpsTrigger":{"securityLevel":"SECURE_ALWAYS"},"entryPoint":"post","labels":{"deployment-tool":"cli-firebase","firebase-functions-hash":"00b6c4baebc2bac3ce01498bc0a556ce6fd7cfdb"},"sourceUploadUrl":"https://storage.googleapis.com/uploads-50658663589.us-central1.cloudfunctions.appspot.com/debfc245-79ad-4200-84db-4df9fd58bb64.zip?GoogleAccessId=service-229765091440@gcf-admin-robot.iam.gserviceaccount.com&Expires=1677137228&Signature=Dsr4SZQBagIpQ3zc4huBc3SxlKy%2Bsz2GZhHqREPfUNLkk4LUt404Zm4acU5rszq9tMuou%2BPQsWoY%2FZGTHkZSIziCx8A2F6ghlPXhSiMOHxJlw40fE%2B3VcmPDO6QcJjdfmTS4Yq6JU1rUDxDI9zuzcqU4nA%2FmOVjWm8SD%2B%2Bw1%2F5WXYpaJ2Q1b37PwJ6sYtmt%2FCJSltmYBQtxEDPgmFtTi7tMSNpOvTrK5veSCcygWwo%2F0l7NywhJKmcqw0%2FhXh3sFyTcH113q8k8tp%2BWw7iMEBIjrruInCx0ZbnqNhl3BEPifbfvD3ZaO37QZr4Afj13ZLvW7DnrsBlMuY%2BYyNMhfpw%3D%3D","environmentVariables":{"FIREBASE_CONFIG":"{\"projectId\":\"linebot-rasa\",\"storageBucket\":\"linebot-rasa.appspot.com\"}","GCLOUD_PROJECT":"linebot-rasa","EVENTARC_CLOUD_EVENT_SOURCE":"projects/linebot-rasa/locations/us-central1/functions/post"},"runtime":"nodejs16","dockerRegistry":"ARTIFACT_REGISTRY"},"versionId":"1","updateTime":"2023-02-23T06:57:09Z"}}
[debug] [2023-02-23T06:57:11.832Z] [create-default-us-central1-post] Retrying task index 0
[debug] [2023-02-23T06:57:11.834Z] >>> [apiv2][query] GET https://cloudfunctions.googleapis.com/v1/operations/bGluZWJvdC1yYXNhL3VzLWNlbnRyYWwxL3Bvc3QvOTlyZEYxclVxT00 [none]
[debug] [2023-02-23T06:57:12.313Z] <<< [apiv2][status] GET https://cloudfunctions.googleapis.com/v1/operations/bGluZWJvdC1yYXNhL3VzLWNlbnRyYWwxL3Bvc3QvOTlyZEYxclVxT00 200
[debug] [2023-02-23T06:57:12.314Z] <<< [apiv2][body] GET https://cloudfunctions.googleapis.com/v1/operations/bGluZWJvdC1yYXNhL3VzLWNlbnRyYWwxL3Bvc3QvOTlyZEYxclVxT00 {"name":"operations/bGluZWJvdC1yYXNhL3VzLWNlbnRyYWwxL3Bvc3QvOTlyZEYxclVxT00","metadata":{"@type":"type.googleapis.com/google.cloud.functions.v1.OperationMetadataV1","target":"projects/linebot-rasa/locations/us-central1/functions/post","type":"CREATE_FUNCTION","request":{"@type":"type.googleapis.com/google.cloud.functions.v1.CloudFunction","name":"projects/linebot-rasa/locations/us-central1/functions/post","httpsTrigger":{"securityLevel":"SECURE_ALWAYS"},"entryPoint":"post","labels":{"deployment-tool":"cli-firebase","firebase-functions-hash":"00b6c4baebc2bac3ce01498bc0a556ce6fd7cfdb"},"sourceUploadUrl":"https://storage.googleapis.com/uploads-50658663589.us-central1.cloudfunctions.appspot.com/debfc245-79ad-4200-84db-4df9fd58bb64.zip?GoogleAccessId=service-229765091440@gcf-admin-robot.iam.gserviceaccount.com&Expires=1677137228&Signature=Dsr4SZQBagIpQ3zc4huBc3SxlKy%2Bsz2GZhHqREPfUNLkk4LUt404Zm4acU5rszq9tMuou%2BPQsWoY%2FZGTHkZSIziCx8A2F6ghlPXhSiMOHxJlw40fE%2B3VcmPDO6QcJjdfmTS4Yq6JU1rUDxDI9zuzcqU4nA%2FmOVjWm8SD%2B%2Bw1%2F5WXYpaJ2Q1b37PwJ6sYtmt%2FCJSltmYBQtxEDPgmFtTi7tMSNpOvTrK5veSCcygWwo%2F0l7NywhJKmcqw0%2FhXh3sFyTcH113q8k8tp%2BWw7iMEBIjrruInCx0ZbnqNhl3BEPifbfvD3ZaO37QZr4Afj13ZLvW7DnrsBlMuY%2BYyNMhfpw%3D%3D","environmentVariables":{"FIREBASE_CONFIG":"{\"projectId\":\"linebot-rasa\",\"storageBucket\":\"linebot-rasa.appspot.com\"}","GCLOUD_PROJECT":"linebot-rasa","EVENTARC_CLOUD_EVENT_SOURCE":"projects/linebot-rasa/locations/us-central1/functions/post"},"runtime":"nodejs16","dockerRegistry":"ARTIFACT_REGISTRY"},"versionId":"1","updateTime":"2023-02-23T06:57:09Z"}}
[debug] [2023-02-23T06:57:14.323Z] [create-default-us-central1-post] Retrying task index 0
[debug] [2023-02-23T06:57:14.324Z] >>> [apiv2][query] GET https://cloudfunctions.googleapis.com/v1/operations/bGluZWJvdC1yYXNhL3VzLWNlbnRyYWwxL3Bvc3QvOTlyZEYxclVxT00 [none]
[debug] [2023-02-23T06:57:14.593Z] <<< [apiv2][status] GET https://cloudfunctions.googleapis.com/v1/operations/bGluZWJvdC1yYXNhL3VzLWNlbnRyYWwxL3Bvc3QvOTlyZEYxclVxT00 200
[debug] [2023-02-23T06:57:14.594Z] <<< [apiv2][body] GET https://cloudfunctions.googleapis.com/v1/operations/bGluZWJvdC1yYXNhL3VzLWNlbnRyYWwxL3Bvc3QvOTlyZEYxclVxT00 {"name":"operations/bGluZWJvdC1yYXNhL3VzLWNlbnRyYWwxL3Bvc3QvOTlyZEYxclVxT00","metadata":{"@type":"type.googleapis.com/google.cloud.functions.v1.OperationMetadataV1","target":"projects/linebot-rasa/locations/us-central1/functions/post","type":"CREATE_FUNCTION","request":{"@type":"type.googleapis.com/google.cloud.functions.v1.CloudFunction","name":"projects/linebot-rasa/locations/us-central1/functions/post","httpsTrigger":{"securityLevel":"SECURE_ALWAYS"},"entryPoint":"post","labels":{"deployment-tool":"cli-firebase","firebase-functions-hash":"00b6c4baebc2bac3ce01498bc0a556ce6fd7cfdb"},"sourceUploadUrl":"https://storage.googleapis.com/uploads-50658663589.us-central1.cloudfunctions.appspot.com/debfc245-79ad-4200-84db-4df9fd58bb64.zip?GoogleAccessId=service-229765091440@gcf-admin-robot.iam.gserviceaccount.com&Expires=1677137228&Signature=Dsr4SZQBagIpQ3zc4huBc3SxlKy%2Bsz2GZhHqREPfUNLkk4LUt404Zm4acU5rszq9tMuou%2BPQsWoY%2FZGTHkZSIziCx8A2F6ghlPXhSiMOHxJlw40fE%2B3VcmPDO6QcJjdfmTS4Yq6JU1rUDxDI9zuzcqU4nA%2FmOVjWm8SD%2B%2Bw1%2F5WXYpaJ2Q1b37PwJ6sYtmt%2FCJSltmYBQtxEDPgmFtTi7tMSNpOvTrK5veSCcygWwo%2F0l7NywhJKmcqw0%2FhXh3sFyTcH113q8k8tp%2BWw7iMEBIjrruInCx0ZbnqNhl3BEPifbfvD3ZaO37QZr4Afj13ZLvW7DnrsBlMuY%2BYyNMhfpw%3D%3D","environmentVariables":{"FIREBASE_CONFIG":"{\"projectId\":\"linebot-rasa\",\"storageBucket\":\"linebot-rasa.appspot.com\"}","GCLOUD_PROJECT":"linebot-rasa","EVENTARC_CLOUD_EVENT_SOURCE":"projects/linebot-rasa/locations/us-central1/functions/post"},"runtime":"nodejs16","dockerRegistry":"ARTIFACT_REGISTRY"},"versionId":"1","updateTime":"2023-02-23T06:57:09Z"}}
[debug] [2023-02-23T06:57:18.605Z] [create-default-us-central1-post] Retrying task index 0
[debug] [2023-02-23T06:57:18.605Z] >>> [apiv2][query] GET https://cloudfunctions.googleapis.com/v1/operations/bGluZWJvdC1yYXNhL3VzLWNlbnRyYWwxL3Bvc3QvOTlyZEYxclVxT00 [none]
[debug] [2023-02-23T06:57:19.057Z] <<< [apiv2][status] GET https://cloudfunctions.googleapis.com/v1/operations/bGluZWJvdC1yYXNhL3VzLWNlbnRyYWwxL3Bvc3QvOTlyZEYxclVxT00 200
[debug] [2023-02-23T06:57:19.058Z] <<< [apiv2][body] GET https://cloudfunctions.googleapis.com/v1/operations/bGluZWJvdC1yYXNhL3VzLWNlbnRyYWwxL3Bvc3QvOTlyZEYxclVxT00 {"name":"operations/bGluZWJvdC1yYXNhL3VzLWNlbnRyYWwxL3Bvc3QvOTlyZEYxclVxT00","metadata":{"@type":"type.googleapis.com/google.cloud.functions.v1.OperationMetadataV1","target":"projects/linebot-rasa/locations/us-central1/functions/post","type":"CREATE_FUNCTION","request":{"@type":"type.googleapis.com/google.cloud.functions.v1.CloudFunction","name":"projects/linebot-rasa/locations/us-central1/functions/post","httpsTrigger":{"securityLevel":"SECURE_ALWAYS"},"entryPoint":"post","labels":{"deployment-tool":"cli-firebase","firebase-functions-hash":"00b6c4baebc2bac3ce01498bc0a556ce6fd7cfdb"},"sourceUploadUrl":"https://storage.googleapis.com/uploads-50658663589.us-central1.cloudfunctions.appspot.com/debfc245-79ad-4200-84db-4df9fd58bb64.zip?GoogleAccessId=service-229765091440@gcf-admin-robot.iam.gserviceaccount.com&Expires=1677137228&Signature=Dsr4SZQBagIpQ3zc4huBc3SxlKy%2Bsz2GZhHqREPfUNLkk4LUt404Zm4acU5rszq9tMuou%2BPQsWoY%2FZGTHkZSIziCx8A2F6ghlPXhSiMOHxJlw40fE%2B3VcmPDO6QcJjdfmTS4Yq6JU1rUDxDI9zuzcqU4nA%2FmOVjWm8SD%2B%2Bw1%2F5WXYpaJ2Q1b37PwJ6sYtmt%2FCJSltmYBQtxEDPgmFtTi7tMSNpOvTrK5veSCcygWwo%2F0l7NywhJKmcqw0%2FhXh3sFyTcH113q8k8tp%2BWw7iMEBIjrruInCx0ZbnqNhl3BEPifbfvD3ZaO37QZr4Afj13ZLvW7DnrsBlMuY%2BYyNMhfpw%3D%3D","environmentVariables":{"FIREBASE_CONFIG":"{\"projectId\":\"linebot-rasa\",\"storageBucket\":\"linebot-rasa.appspot.com\"}","GCLOUD_PROJECT":"linebot-rasa","EVENTARC_CLOUD_EVENT_SOURCE":"projects/linebot-rasa/locations/us-central1/functions/post"},"runtime":"nodejs16","dockerRegistry":"ARTIFACT_REGISTRY"},"versionId":"1","updateTime":"2023-02-23T06:57:09Z"}}
[debug] [2023-02-23T06:57:27.064Z] [create-default-us-central1-post] Retrying task index 0
[debug] [2023-02-23T06:57:27.065Z] >>> [apiv2][query] GET https://cloudfunctions.googleapis.com/v1/operations/bGluZWJvdC1yYXNhL3VzLWNlbnRyYWwxL3Bvc3QvOTlyZEYxclVxT00 [none]
[debug] [2023-02-23T06:57:27.573Z] <<< [apiv2][status] GET https://cloudfunctions.googleapis.com/v1/operations/bGluZWJvdC1yYXNhL3VzLWNlbnRyYWwxL3Bvc3QvOTlyZEYxclVxT00 200
[debug] [2023-02-23T06:57:27.574Z] <<< [apiv2][body] GET https://cloudfunctions.googleapis.com/v1/operations/bGluZWJvdC1yYXNhL3VzLWNlbnRyYWwxL3Bvc3QvOTlyZEYxclVxT00 {"name":"operations/bGluZWJvdC1yYXNhL3VzLWNlbnRyYWwxL3Bvc3QvOTlyZEYxclVxT00","metadata":{"@type":"type.googleapis.com/google.cloud.functions.v1.OperationMetadataV1","target":"projects/linebot-rasa/locations/us-central1/functions/post","type":"CREATE_FUNCTION","request":{"@type":"type.googleapis.com/google.cloud.functions.v1.CloudFunction","name":"projects/linebot-rasa/locations/us-central1/functions/post","httpsTrigger":{"securityLevel":"SECURE_ALWAYS"},"entryPoint":"post","labels":{"deployment-tool":"cli-firebase","firebase-functions-hash":"00b6c4baebc2bac3ce01498bc0a556ce6fd7cfdb"},"sourceUploadUrl":"https://storage.googleapis.com/uploads-50658663589.us-central1.cloudfunctions.appspot.com/debfc245-79ad-4200-84db-4df9fd58bb64.zip?GoogleAccessId=service-229765091440@gcf-admin-robot.iam.gserviceaccount.com&Expires=1677137228&Signature=Dsr4SZQBagIpQ3zc4huBc3SxlKy%2Bsz2GZhHqREPfUNLkk4LUt404Zm4acU5rszq9tMuou%2BPQsWoY%2FZGTHkZSIziCx8A2F6ghlPXhSiMOHxJlw40fE%2B3VcmPDO6QcJjdfmTS4Yq6JU1rUDxDI9zuzcqU4nA%2FmOVjWm8SD%2B%2Bw1%2F5WXYpaJ2Q1b37PwJ6sYtmt%2FCJSltmYBQtxEDPgmFtTi7tMSNpOvTrK5veSCcygWwo%2F0l7NywhJKmcqw0%2FhXh3sFyTcH113q8k8tp%2BWw7iMEBIjrruInCx0ZbnqNhl3BEPifbfvD3ZaO37QZr4Afj13ZLvW7DnrsBlMuY%2BYyNMhfpw%3D%3D","environmentVariables":{"FIREBASE_CONFIG":"{\"projectId\":\"linebot-rasa\",\"storageBucket\":\"linebot-rasa.appspot.com\"}","GCLOUD_PROJECT":"linebot-rasa","EVENTARC_CLOUD_EVENT_SOURCE":"projects/linebot-rasa/locations/us-central1/functions/post"},"runtime":"nodejs16","dockerRegistry":"ARTIFACT_REGISTRY"},"versionId":"1","updateTime":"2023-02-23T06:57:09Z","buildId":"5e3dc1cf-985c-437a-9686-bf85d9024330","buildName":"projects/229765091440/locations/us-central1/builds/5e3dc1cf-985c-437a-9686-bf85d9024330"}}
[debug] [2023-02-23T06:57:37.583Z] [create-default-us-central1-post] Retrying task index 0
[debug] [2023-02-23T06:57:37.584Z] >>> [apiv2][query] GET https://cloudfunctions.googleapis.com/v1/operations/bGluZWJvdC1yYXNhL3VzLWNlbnRyYWwxL3Bvc3QvOTlyZEYxclVxT00 [none]
[debug] [2023-02-23T06:57:37.855Z] <<< [apiv2][status] GET https://cloudfunctions.googleapis.com/v1/operations/bGluZWJvdC1yYXNhL3VzLWNlbnRyYWwxL3Bvc3QvOTlyZEYxclVxT00 200
[debug] [2023-02-23T06:57:37.856Z] <<< [apiv2][body] GET https://cloudfunctions.googleapis.com/v1/operations/bGluZWJvdC1yYXNhL3VzLWNlbnRyYWwxL3Bvc3QvOTlyZEYxclVxT00 {"name":"operations/bGluZWJvdC1yYXNhL3VzLWNlbnRyYWwxL3Bvc3QvOTlyZEYxclVxT00","metadata":{"@type":"type.googleapis.com/google.cloud.functions.v1.OperationMetadataV1","target":"projects/linebot-rasa/locations/us-central1/functions/post","type":"CREATE_FUNCTION","request":{"@type":"type.googleapis.com/google.cloud.functions.v1.CloudFunction","name":"projects/linebot-rasa/locations/us-central1/functions/post","httpsTrigger":{"securityLevel":"SECURE_ALWAYS"},"entryPoint":"post","labels":{"deployment-tool":"cli-firebase","firebase-functions-hash":"00b6c4baebc2bac3ce01498bc0a556ce6fd7cfdb"},"sourceUploadUrl":"https://storage.googleapis.com/uploads-50658663589.us-central1.cloudfunctions.appspot.com/debfc245-79ad-4200-84db-4df9fd58bb64.zip?GoogleAccessId=service-229765091440@gcf-admin-robot.iam.gserviceaccount.com&Expires=1677137228&Signature=Dsr4SZQBagIpQ3zc4huBc3SxlKy%2Bsz2GZhHqREPfUNLkk4LUt404Zm4acU5rszq9tMuou%2BPQsWoY%2FZGTHkZSIziCx8A2F6ghlPXhSiMOHxJlw40fE%2B3VcmPDO6QcJjdfmTS4Yq6JU1rUDxDI9zuzcqU4nA%2FmOVjWm8SD%2B%2Bw1%2F5WXYpaJ2Q1b37PwJ6sYtmt%2FCJSltmYBQtxEDPgmFtTi7tMSNpOvTrK5veSCcygWwo%2F0l7NywhJKmcqw0%2FhXh3sFyTcH113q8k8tp%2BWw7iMEBIjrruInCx0ZbnqNhl3BEPifbfvD3ZaO37QZr4Afj13ZLvW7DnrsBlMuY%2BYyNMhfpw%3D%3D","environmentVariables":{"FIREBASE_CONFIG":"{\"projectId\":\"linebot-rasa\",\"storageBucket\":\"linebot-rasa.appspot.com\"}","GCLOUD_PROJECT":"linebot-rasa","EVENTARC_CLOUD_EVENT_SOURCE":"projects/linebot-rasa/locations/us-central1/functions/post"},"runtime":"nodejs16","dockerRegistry":"ARTIFACT_REGISTRY"},"versionId":"1","updateTime":"2023-02-23T06:57:09Z","buildId":"5e3dc1cf-985c-437a-9686-bf85d9024330","buildName":"projects/229765091440/locations/us-central1/builds/5e3dc1cf-985c-437a-9686-bf85d9024330"}}
[debug] [2023-02-23T06:57:47.857Z] [create-default-us-central1-post] Retrying task index 0
[debug] [2023-02-23T06:57:47.858Z] >>> [apiv2][query] GET https://cloudfunctions.googleapis.com/v1/operations/bGluZWJvdC1yYXNhL3VzLWNlbnRyYWwxL3Bvc3QvOTlyZEYxclVxT00 [none]
[debug] [2023-02-23T06:57:48.285Z] <<< [apiv2][status] GET https://cloudfunctions.googleapis.com/v1/operations/bGluZWJvdC1yYXNhL3VzLWNlbnRyYWwxL3Bvc3QvOTlyZEYxclVxT00 200
[debug] [2023-02-23T06:57:48.286Z] <<< [apiv2][body] GET https://cloudfunctions.googleapis.com/v1/operations/bGluZWJvdC1yYXNhL3VzLWNlbnRyYWwxL3Bvc3QvOTlyZEYxclVxT00 {"name":"operations/bGluZWJvdC1yYXNhL3VzLWNlbnRyYWwxL3Bvc3QvOTlyZEYxclVxT00","metadata":{"@type":"type.googleapis.com/google.cloud.functions.v1.OperationMetadataV1","target":"projects/linebot-rasa/locations/us-central1/functions/post","type":"CREATE_FUNCTION","request":{"@type":"type.googleapis.com/google.cloud.functions.v1.CloudFunction","name":"projects/linebot-rasa/locations/us-central1/functions/post","httpsTrigger":{"securityLevel":"SECURE_ALWAYS"},"entryPoint":"post","labels":{"deployment-tool":"cli-firebase","firebase-functions-hash":"00b6c4baebc2bac3ce01498bc0a556ce6fd7cfdb"},"sourceUploadUrl":"https://storage.googleapis.com/uploads-50658663589.us-central1.cloudfunctions.appspot.com/debfc245-79ad-4200-84db-4df9fd58bb64.zip?GoogleAccessId=service-229765091440@gcf-admin-robot.iam.gserviceaccount.com&Expires=1677137228&Signature=Dsr4SZQBagIpQ3zc4huBc3SxlKy%2Bsz2GZhHqREPfUNLkk4LUt404Zm4acU5rszq9tMuou%2BPQsWoY%2FZGTHkZSIziCx8A2F6ghlPXhSiMOHxJlw40fE%2B3VcmPDO6QcJjdfmTS4Yq6JU1rUDxDI9zuzcqU4nA%2FmOVjWm8SD%2B%2Bw1%2F5WXYpaJ2Q1b37PwJ6sYtmt%2FCJSltmYBQtxEDPgmFtTi7tMSNpOvTrK5veSCcygWwo%2F0l7NywhJKmcqw0%2FhXh3sFyTcH113q8k8tp%2BWw7iMEBIjrruInCx0ZbnqNhl3BEPifbfvD3ZaO37QZr4Afj13ZLvW7DnrsBlMuY%2BYyNMhfpw%3D%3D","environmentVariables":{"FIREBASE_CONFIG":"{\"projectId\":\"linebot-rasa\",\"storageBucket\":\"linebot-rasa.appspot.com\"}","GCLOUD_PROJECT":"linebot-rasa","EVENTARC_CLOUD_EVENT_SOURCE":"projects/linebot-rasa/locations/us-central1/functions/post"},"runtime":"nodejs16","dockerRegistry":"ARTIFACT_REGISTRY"},"versionId":"1","updateTime":"2023-02-23T06:57:09Z","buildId":"5e3dc1cf-985c-437a-9686-bf85d9024330","buildName":"projects/229765091440/locations/us-central1/builds/5e3dc1cf-985c-437a-9686-bf85d9024330"}}
[debug] [2023-02-23T06:57:58.292Z] [create-default-us-central1-post] Retrying task index 0
[debug] [2023-02-23T06:57:58.292Z] >>> [apiv2][query] GET https://cloudfunctions.googleapis.com/v1/operations/bGluZWJvdC1yYXNhL3VzLWNlbnRyYWwxL3Bvc3QvOTlyZEYxclVxT00 [none]
[debug] [2023-02-23T06:57:58.611Z] <<< [apiv2][status] GET https://cloudfunctions.googleapis.com/v1/operations/bGluZWJvdC1yYXNhL3VzLWNlbnRyYWwxL3Bvc3QvOTlyZEYxclVxT00 200
[debug] [2023-02-23T06:57:58.611Z] <<< [apiv2][body] GET https://cloudfunctions.googleapis.com/v1/operations/bGluZWJvdC1yYXNhL3VzLWNlbnRyYWwxL3Bvc3QvOTlyZEYxclVxT00 {"name":"operations/bGluZWJvdC1yYXNhL3VzLWNlbnRyYWwxL3Bvc3QvOTlyZEYxclVxT00","metadata":{"@type":"type.googleapis.com/google.cloud.functions.v1.OperationMetadataV1","target":"projects/linebot-rasa/locations/us-central1/functions/post","type":"CREATE_FUNCTION","request":{"@type":"type.googleapis.com/google.cloud.functions.v1.CloudFunction","name":"projects/linebot-rasa/locations/us-central1/functions/post","httpsTrigger":{"securityLevel":"SECURE_ALWAYS"},"entryPoint":"post","labels":{"deployment-tool":"cli-firebase","firebase-functions-hash":"00b6c4baebc2bac3ce01498bc0a556ce6fd7cfdb"},"sourceUploadUrl":"https://storage.googleapis.com/uploads-50658663589.us-central1.cloudfunctions.appspot.com/debfc245-79ad-4200-84db-4df9fd58bb64.zip?GoogleAccessId=service-229765091440@gcf-admin-robot.iam.gserviceaccount.com&Expires=1677137228&Signature=Dsr4SZQBagIpQ3zc4huBc3SxlKy%2Bsz2GZhHqREPfUNLkk4LUt404Zm4acU5rszq9tMuou%2BPQsWoY%2FZGTHkZSIziCx8A2F6ghlPXhSiMOHxJlw40fE%2B3VcmPDO6QcJjdfmTS4Yq6JU1rUDxDI9zuzcqU4nA%2FmOVjWm8SD%2B%2Bw1%2F5WXYpaJ2Q1b37PwJ6sYtmt%2FCJSltmYBQtxEDPgmFtTi7tMSNpOvTrK5veSCcygWwo%2F0l7NywhJKmcqw0%2FhXh3sFyTcH113q8k8tp%2BWw7iMEBIjrruInCx0ZbnqNhl3BEPifbfvD3ZaO37QZr4Afj13ZLvW7DnrsBlMuY%2BYyNMhfpw%3D%3D","environmentVariables":{"FIREBASE_CONFIG":"{\"projectId\":\"linebot-rasa\",\"storageBucket\":\"linebot-rasa.appspot.com\"}","GCLOUD_PROJECT":"linebot-rasa","EVENTARC_CLOUD_EVENT_SOURCE":"projects/linebot-rasa/locations/us-central1/functions/post"},"runtime":"nodejs16","dockerRegistry":"ARTIFACT_REGISTRY"},"versionId":"1","updateTime":"2023-02-23T06:57:09Z","buildId":"5e3dc1cf-985c-437a-9686-bf85d9024330","buildName":"projects/229765091440/locations/us-central1/builds/5e3dc1cf-985c-437a-9686-bf85d9024330"}}
[debug] [2023-02-23T06:58:08.624Z] [create-default-us-central1-post] Retrying task index 0
[debug] [2023-02-23T06:58:08.625Z] >>> [apiv2][query] GET https://cloudfunctions.googleapis.com/v1/operations/bGluZWJvdC1yYXNhL3VzLWNlbnRyYWwxL3Bvc3QvOTlyZEYxclVxT00 [none]
[debug] [2023-02-23T06:58:08.919Z] <<< [apiv2][status] GET https://cloudfunctions.googleapis.com/v1/operations/bGluZWJvdC1yYXNhL3VzLWNlbnRyYWwxL3Bvc3QvOTlyZEYxclVxT00 200
[debug] [2023-02-23T06:58:08.920Z] <<< [apiv2][body] GET https://cloudfunctions.googleapis.com/v1/operations/bGluZWJvdC1yYXNhL3VzLWNlbnRyYWwxL3Bvc3QvOTlyZEYxclVxT00 {"name":"operations/bGluZWJvdC1yYXNhL3VzLWNlbnRyYWwxL3Bvc3QvOTlyZEYxclVxT00","metadata":{"@type":"type.googleapis.com/google.cloud.functions.v1.OperationMetadataV1","target":"projects/linebot-rasa/locations/us-central1/functions/post","type":"CREATE_FUNCTION","request":{"@type":"type.googleapis.com/google.cloud.functions.v1.CloudFunction","name":"projects/linebot-rasa/locations/us-central1/functions/post","httpsTrigger":{"securityLevel":"SECURE_ALWAYS"},"entryPoint":"post","labels":{"deployment-tool":"cli-firebase","firebase-functions-hash":"00b6c4baebc2bac3ce01498bc0a556ce6fd7cfdb"},"sourceUploadUrl":"https://storage.googleapis.com/uploads-50658663589.us-central1.cloudfunctions.appspot.com/debfc245-79ad-4200-84db-4df9fd58bb64.zip?GoogleAccessId=service-229765091440@gcf-admin-robot.iam.gserviceaccount.com&Expires=1677137228&Signature=Dsr4SZQBagIpQ3zc4huBc3SxlKy%2Bsz2GZhHqREPfUNLkk4LUt404Zm4acU5rszq9tMuou%2BPQsWoY%2FZGTHkZSIziCx8A2F6ghlPXhSiMOHxJlw40fE%2B3VcmPDO6QcJjdfmTS4Yq6JU1rUDxDI9zuzcqU4nA%2FmOVjWm8SD%2B%2Bw1%2F5WXYpaJ2Q1b37PwJ6sYtmt%2FCJSltmYBQtxEDPgmFtTi7tMSNpOvTrK5veSCcygWwo%2F0l7NywhJKmcqw0%2FhXh3sFyTcH113q8k8tp%2BWw7iMEBIjrruInCx0ZbnqNhl3BEPifbfvD3ZaO37QZr4Afj13ZLvW7DnrsBlMuY%2BYyNMhfpw%3D%3D","environmentVariables":{"FIREBASE_CONFIG":"{\"projectId\":\"linebot-rasa\",\"storageBucket\":\"linebot-rasa.appspot.com\"}","GCLOUD_PROJECT":"linebot-rasa","EVENTARC_CLOUD_EVENT_SOURCE":"projects/linebot-rasa/locations/us-central1/functions/post"},"runtime":"nodejs16","dockerRegistry":"ARTIFACT_REGISTRY"},"versionId":"1","updateTime":"2023-02-23T06:57:09Z","buildId":"5e3dc1cf-985c-437a-9686-bf85d9024330","buildName":"projects/229765091440/locations/us-central1/builds/5e3dc1cf-985c-437a-9686-bf85d9024330"}}
[debug] [2023-02-23T06:58:18.922Z] [create-default-us-central1-post] Retrying task index 0
[debug] [2023-02-23T06:58:18.923Z] >>> [apiv2][query] GET https://cloudfunctions.googleapis.com/v1/operations/bGluZWJvdC1yYXNhL3VzLWNlbnRyYWwxL3Bvc3QvOTlyZEYxclVxT00 [none]
[debug] [2023-02-23T06:58:19.401Z] <<< [apiv2][status] GET https://cloudfunctions.googleapis.com/v1/operations/bGluZWJvdC1yYXNhL3VzLWNlbnRyYWwxL3Bvc3QvOTlyZEYxclVxT00 200
[debug] [2023-02-23T06:58:19.402Z] <<< [apiv2][body] GET https://cloudfunctions.googleapis.com/v1/operations/bGluZWJvdC1yYXNhL3VzLWNlbnRyYWwxL3Bvc3QvOTlyZEYxclVxT00 {"name":"operations/bGluZWJvdC1yYXNhL3VzLWNlbnRyYWwxL3Bvc3QvOTlyZEYxclVxT00","metadata":{"@type":"type.googleapis.com/google.cloud.functions.v1.OperationMetadataV1","target":"projects/linebot-rasa/locations/us-central1/functions/post","type":"CREATE_FUNCTION","request":{"@type":"type.googleapis.com/google.cloud.functions.v1.CloudFunction","name":"projects/linebot-rasa/locations/us-central1/functions/post","httpsTrigger":{"securityLevel":"SECURE_ALWAYS"},"entryPoint":"post","labels":{"deployment-tool":"cli-firebase","firebase-functions-hash":"00b6c4baebc2bac3ce01498bc0a556ce6fd7cfdb"},"sourceUploadUrl":"https://storage.googleapis.com/uploads-50658663589.us-central1.cloudfunctions.appspot.com/debfc245-79ad-4200-84db-4df9fd58bb64.zip?GoogleAccessId=service-229765091440@gcf-admin-robot.iam.gserviceaccount.com&Expires=1677137228&Signature=Dsr4SZQBagIpQ3zc4huBc3SxlKy%2Bsz2GZhHqREPfUNLkk4LUt404Zm4acU5rszq9tMuou%2BPQsWoY%2FZGTHkZSIziCx8A2F6ghlPXhSiMOHxJlw40fE%2B3VcmPDO6QcJjdfmTS4Yq6JU1rUDxDI9zuzcqU4nA%2FmOVjWm8SD%2B%2Bw1%2F5WXYpaJ2Q1b37PwJ6sYtmt%2FCJSltmYBQtxEDPgmFtTi7tMSNpOvTrK5veSCcygWwo%2F0l7NywhJKmcqw0%2FhXh3sFyTcH113q8k8tp%2BWw7iMEBIjrruInCx0ZbnqNhl3BEPifbfvD3ZaO37QZr4Afj13ZLvW7DnrsBlMuY%2BYyNMhfpw%3D%3D","environmentVariables":{"FIREBASE_CONFIG":"{\"projectId\":\"linebot-rasa\",\"storageBucket\":\"linebot-rasa.appspot.com\"}","GCLOUD_PROJECT":"linebot-rasa","EVENTARC_CLOUD_EVENT_SOURCE":"projects/linebot-rasa/locations/us-central1/functions/post"},"runtime":"nodejs16","dockerRegistry":"ARTIFACT_REGISTRY"},"versionId":"1","updateTime":"2023-02-23T06:57:09Z","buildId":"5e3dc1cf-985c-437a-9686-bf85d9024330","buildName":"projects/229765091440/locations/us-central1/builds/5e3dc1cf-985c-437a-9686-bf85d9024330"}}
[debug] [2023-02-23T06:58:29.409Z] [create-default-us-central1-post] Retrying task index 0
[debug] [2023-02-23T06:58:29.410Z] >>> [apiv2][query] GET https://cloudfunctions.googleapis.com/v1/operations/bGluZWJvdC1yYXNhL3VzLWNlbnRyYWwxL3Bvc3QvOTlyZEYxclVxT00 [none]
[debug] [2023-02-23T06:58:29.697Z] <<< [apiv2][status] GET https://cloudfunctions.googleapis.com/v1/operations/bGluZWJvdC1yYXNhL3VzLWNlbnRyYWwxL3Bvc3QvOTlyZEYxclVxT00 200
[debug] [2023-02-23T06:58:29.698Z] <<< [apiv2][body] GET https://cloudfunctions.googleapis.com/v1/operations/bGluZWJvdC1yYXNhL3VzLWNlbnRyYWwxL3Bvc3QvOTlyZEYxclVxT00 {"name":"operations/bGluZWJvdC1yYXNhL3VzLWNlbnRyYWwxL3Bvc3QvOTlyZEYxclVxT00","metadata":{"@type":"type.googleapis.com/google.cloud.functions.v1.OperationMetadataV1","target":"projects/linebot-rasa/locations/us-central1/functions/post","type":"CREATE_FUNCTION","request":{"@type":"type.googleapis.com/google.cloud.functions.v1.CloudFunction","name":"projects/linebot-rasa/locations/us-central1/functions/post","httpsTrigger":{"securityLevel":"SECURE_ALWAYS"},"entryPoint":"post","labels":{"deployment-tool":"cli-firebase","firebase-functions-hash":"00b6c4baebc2bac3ce01498bc0a556ce6fd7cfdb"},"sourceUploadUrl":"https://storage.googleapis.com/uploads-50658663589.us-central1.cloudfunctions.appspot.com/debfc245-79ad-4200-84db-4df9fd58bb64.zip?GoogleAccessId=service-229765091440@gcf-admin-robot.iam.gserviceaccount.com&Expires=1677137228&Signature=Dsr4SZQBagIpQ3zc4huBc3SxlKy%2Bsz2GZhHqREPfUNLkk4LUt404Zm4acU5rszq9tMuou%2BPQsWoY%2FZGTHkZSIziCx8A2F6ghlPXhSiMOHxJlw40fE%2B3VcmPDO6QcJjdfmTS4Yq6JU1rUDxDI9zuzcqU4nA%2FmOVjWm8SD%2B%2Bw1%2F5WXYpaJ2Q1b37PwJ6sYtmt%2FCJSltmYBQtxEDPgmFtTi7tMSNpOvTrK5veSCcygWwo%2F0l7NywhJKmcqw0%2FhXh3sFyTcH113q8k8tp%2BWw7iMEBIjrruInCx0ZbnqNhl3BEPifbfvD3ZaO37QZr4Afj13ZLvW7DnrsBlMuY%2BYyNMhfpw%3D%3D","environmentVariables":{"FIREBASE_CONFIG":"{\"projectId\":\"linebot-rasa\",\"storageBucket\":\"linebot-rasa.appspot.com\"}","GCLOUD_PROJECT":"linebot-rasa","EVENTARC_CLOUD_EVENT_SOURCE":"projects/linebot-rasa/locations/us-central1/functions/post"},"runtime":"nodejs16","dockerRegistry":"ARTIFACT_REGISTRY"},"versionId":"1","updateTime":"2023-02-23T06:57:09Z","buildId":"5e3dc1cf-985c-437a-9686-bf85d9024330","buildName":"projects/229765091440/locations/us-central1/builds/5e3dc1cf-985c-437a-9686-bf85d9024330"}}
[debug] [2023-02-23T06:58:39.712Z] [create-default-us-central1-post] Retrying task index 0
[debug] [2023-02-23T06:58:39.714Z] >>> [apiv2][query] GET https://cloudfunctions.googleapis.com/v1/operations/bGluZWJvdC1yYXNhL3VzLWNlbnRyYWwxL3Bvc3QvOTlyZEYxclVxT00 [none]
[debug] [2023-02-23T06:58:40.176Z] <<< [apiv2][status] GET https://cloudfunctions.googleapis.com/v1/operations/bGluZWJvdC1yYXNhL3VzLWNlbnRyYWwxL3Bvc3QvOTlyZEYxclVxT00 200
[debug] [2023-02-23T06:58:40.176Z] <<< [apiv2][body] GET https://cloudfunctions.googleapis.com/v1/operations/bGluZWJvdC1yYXNhL3VzLWNlbnRyYWwxL3Bvc3QvOTlyZEYxclVxT00 {"name":"operations/bGluZWJvdC1yYXNhL3VzLWNlbnRyYWwxL3Bvc3QvOTlyZEYxclVxT00","metadata":{"@type":"type.googleapis.com/google.cloud.functions.v1.OperationMetadataV1","target":"projects/linebot-rasa/locations/us-central1/functions/post","type":"CREATE_FUNCTION","request":{"@type":"type.googleapis.com/google.cloud.functions.v1.CloudFunction","name":"projects/linebot-rasa/locations/us-central1/functions/post","httpsTrigger":{"securityLevel":"SECURE_ALWAYS"},"entryPoint":"post","labels":{"deployment-tool":"cli-firebase","firebase-functions-hash":"00b6c4baebc2bac3ce01498bc0a556ce6fd7cfdb"},"sourceUploadUrl":"https://storage.googleapis.com/uploads-50658663589.us-central1.cloudfunctions.appspot.com/debfc245-79ad-4200-84db-4df9fd58bb64.zip?GoogleAccessId=service-229765091440@gcf-admin-robot.iam.gserviceaccount.com&Expires=1677137228&Signature=Dsr4SZQBagIpQ3zc4huBc3SxlKy%2Bsz2GZhHqREPfUNLkk4LUt404Zm4acU5rszq9tMuou%2BPQsWoY%2FZGTHkZSIziCx8A2F6ghlPXhSiMOHxJlw40fE%2B3VcmPDO6QcJjdfmTS4Yq6JU1rUDxDI9zuzcqU4nA%2FmOVjWm8SD%2B%2Bw1%2F5WXYpaJ2Q1b37PwJ6sYtmt%2FCJSltmYBQtxEDPgmFtTi7tMSNpOvTrK5veSCcygWwo%2F0l7NywhJKmcqw0%2FhXh3sFyTcH113q8k8tp%2BWw7iMEBIjrruInCx0ZbnqNhl3BEPifbfvD3ZaO37QZr4Afj13ZLvW7DnrsBlMuY%2BYyNMhfpw%3D%3D","environmentVariables":{"FIREBASE_CONFIG":"{\"projectId\":\"linebot-rasa\",\"storageBucket\":\"linebot-rasa.appspot.com\"}","GCLOUD_PROJECT":"linebot-rasa","EVENTARC_CLOUD_EVENT_SOURCE":"projects/linebot-rasa/locations/us-central1/functions/post"},"runtime":"nodejs16","dockerRegistry":"ARTIFACT_REGISTRY"},"versionId":"1","updateTime":"2023-02-23T06:57:09Z","buildId":"5e3dc1cf-985c-437a-9686-bf85d9024330","sourceToken":"ccc1e6ce-5852-4b51-93f0-66a02edeb4d1","buildName":"projects/229765091440/locations/us-central1/builds/5e3dc1cf-985c-437a-9686-bf85d9024330"}}
[debug] [2023-02-23T06:58:40.177Z] Got source token ccc1e6ce-5852-4b51-93f0-66a02edeb4d1 for region us-central1
[debug] [2023-02-23T06:58:50.188Z] [create-default-us-central1-post] Retrying task index 0
[debug] [2023-02-23T06:58:50.189Z] >>> [apiv2][query] GET https://cloudfunctions.googleapis.com/v1/operations/bGluZWJvdC1yYXNhL3VzLWNlbnRyYWwxL3Bvc3QvOTlyZEYxclVxT00 [none]
[debug] [2023-02-23T06:58:50.451Z] <<< [apiv2][status] GET https://cloudfunctions.googleapis.com/v1/operations/bGluZWJvdC1yYXNhL3VzLWNlbnRyYWwxL3Bvc3QvOTlyZEYxclVxT00 200
[debug] [2023-02-23T06:58:50.451Z] <<< [apiv2][body] GET https://cloudfunctions.googleapis.com/v1/operations/bGluZWJvdC1yYXNhL3VzLWNlbnRyYWwxL3Bvc3QvOTlyZEYxclVxT00 {"name":"operations/bGluZWJvdC1yYXNhL3VzLWNlbnRyYWwxL3Bvc3QvOTlyZEYxclVxT00","metadata":{"@type":"type.googleapis.com/google.cloud.functions.v1.OperationMetadataV1","target":"projects/linebot-rasa/locations/us-central1/functions/post","type":"CREATE_FUNCTION","request":{"@type":"type.googleapis.com/google.cloud.functions.v1.CloudFunction","name":"projects/linebot-rasa/locations/us-central1/functions/post","httpsTrigger":{"securityLevel":"SECURE_ALWAYS"},"entryPoint":"post","labels":{"deployment-tool":"cli-firebase","firebase-functions-hash":"00b6c4baebc2bac3ce01498bc0a556ce6fd7cfdb"},"sourceUploadUrl":"https://storage.googleapis.com/uploads-50658663589.us-central1.cloudfunctions.appspot.com/debfc245-79ad-4200-84db-4df9fd58bb64.zip?GoogleAccessId=service-229765091440@gcf-admin-robot.iam.gserviceaccount.com&Expires=1677137228&Signature=Dsr4SZQBagIpQ3zc4huBc3SxlKy%2Bsz2GZhHqREPfUNLkk4LUt404Zm4acU5rszq9tMuou%2BPQsWoY%2FZGTHkZSIziCx8A2F6ghlPXhSiMOHxJlw40fE%2B3VcmPDO6QcJjdfmTS4Yq6JU1rUDxDI9zuzcqU4nA%2FmOVjWm8SD%2B%2Bw1%2F5WXYpaJ2Q1b37PwJ6sYtmt%2FCJSltmYBQtxEDPgmFtTi7tMSNpOvTrK5veSCcygWwo%2F0l7NywhJKmcqw0%2FhXh3sFyTcH113q8k8tp%2BWw7iMEBIjrruInCx0ZbnqNhl3BEPifbfvD3ZaO37QZr4Afj13ZLvW7DnrsBlMuY%2BYyNMhfpw%3D%3D","environmentVariables":{"FIREBASE_CONFIG":"{\"projectId\":\"linebot-rasa\",\"storageBucket\":\"linebot-rasa.appspot.com\"}","GCLOUD_PROJECT":"linebot-rasa","EVENTARC_CLOUD_EVENT_SOURCE":"projects/linebot-rasa/locations/us-central1/functions/post"},"runtime":"nodejs16","dockerRegistry":"ARTIFACT_REGISTRY"},"versionId":"1","updateTime":"2023-02-23T06:57:09Z","buildId":"5e3dc1cf-985c-437a-9686-bf85d9024330","sourceToken":"ccc1e6ce-5852-4b51-93f0-66a02edeb4d1","buildName":"projects/229765091440/locations/us-central1/builds/5e3dc1cf-985c-437a-9686-bf85d9024330"}}
[debug] [2023-02-23T06:58:50.451Z] Got source token ccc1e6ce-5852-4b51-93f0-66a02edeb4d1 for region us-central1
[debug] [2023-02-23T06:59:00.451Z] [create-default-us-central1-post] Retrying task index 0
[debug] [2023-02-23T06:59:00.452Z] >>> [apiv2][query] GET https://cloudfunctions.googleapis.com/v1/operations/bGluZWJvdC1yYXNhL3VzLWNlbnRyYWwxL3Bvc3QvOTlyZEYxclVxT00 [none]
[debug] [2023-02-23T06:59:00.884Z] <<< [apiv2][status] GET https://cloudfunctions.googleapis.com/v1/operations/bGluZWJvdC1yYXNhL3VzLWNlbnRyYWwxL3Bvc3QvOTlyZEYxclVxT00 200
[debug] [2023-02-23T06:59:00.885Z] <<< [apiv2][body] GET https://cloudfunctions.googleapis.com/v1/operations/bGluZWJvdC1yYXNhL3VzLWNlbnRyYWwxL3Bvc3QvOTlyZEYxclVxT00 {"name":"operations/bGluZWJvdC1yYXNhL3VzLWNlbnRyYWwxL3Bvc3QvOTlyZEYxclVxT00","metadata":{"@type":"type.googleapis.com/google.cloud.functions.v1.OperationMetadataV1","target":"projects/linebot-rasa/locations/us-central1/functions/post","type":"CREATE_FUNCTION","request":{"@type":"type.googleapis.com/google.cloud.functions.v1.CloudFunction","name":"projects/linebot-rasa/locations/us-central1/functions/post","httpsTrigger":{"securityLevel":"SECURE_ALWAYS"},"entryPoint":"post","labels":{"deployment-tool":"cli-firebase","firebase-functions-hash":"00b6c4baebc2bac3ce01498bc0a556ce6fd7cfdb"},"sourceUploadUrl":"https://storage.googleapis.com/uploads-50658663589.us-central1.cloudfunctions.appspot.com/debfc245-79ad-4200-84db-4df9fd58bb64.zip?GoogleAccessId=service-229765091440@gcf-admin-robot.iam.gserviceaccount.com&Expires=1677137228&Signature=Dsr4SZQBagIpQ3zc4huBc3SxlKy%2Bsz2GZhHqREPfUNLkk4LUt404Zm4acU5rszq9tMuou%2BPQsWoY%2FZGTHkZSIziCx8A2F6ghlPXhSiMOHxJlw40fE%2B3VcmPDO6QcJjdfmTS4Yq6JU1rUDxDI9zuzcqU4nA%2FmOVjWm8SD%2B%2Bw1%2F5WXYpaJ2Q1b37PwJ6sYtmt%2FCJSltmYBQtxEDPgmFtTi7tMSNpOvTrK5veSCcygWwo%2F0l7NywhJKmcqw0%2FhXh3sFyTcH113q8k8tp%2BWw7iMEBIjrruInCx0ZbnqNhl3BEPifbfvD3ZaO37QZr4Afj13ZLvW7DnrsBlMuY%2BYyNMhfpw%3D%3D","environmentVariables":{"FIREBASE_CONFIG":"{\"projectId\":\"linebot-rasa\",\"storageBucket\":\"linebot-rasa.appspot.com\"}","GCLOUD_PROJECT":"linebot-rasa","EVENTARC_CLOUD_EVENT_SOURCE":"projects/linebot-rasa/locations/us-central1/functions/post"},"runtime":"nodejs16","dockerRegistry":"ARTIFACT_REGISTRY"},"versionId":"1","updateTime":"2023-02-23T06:58:58Z","buildId":"5e3dc1cf-985c-437a-9686-bf85d9024330","sourceToken":"ccc1e6ce-5852-4b51-93f0-66a02edeb4d1","buildName":"projects/229765091440/locations/us-central1/builds/5e3dc1cf-985c-437a-9686-bf85d9024330"},"done":true,"error":{"code":3,"message":"Function failed on loading user code. This is likely due to a bug in the user code. Error message: Error: please examine your function logs to see the error cause: https://cloud.google.com/functions/docs/monitoring/logging#viewing_logs. Additional troubleshooting documentation can be found at https://cloud.google.com/functions/docs/troubleshooting#logging. Please visit https://cloud.google.com/functions/docs/troubleshooting for in-depth troubleshooting documentation."}}
[debug] [2023-02-23T06:59:00.885Z] Got source token ccc1e6ce-5852-4b51-93f0-66a02edeb4d1 for region us-central1
[error] Function failed on loading user code. This is likely due to a bug in the user code. Error message: Error: please examine your function logs to see the error cause: https://cloud.google.com/functions/docs/monitoring/logging#viewing_logs. Additional troubleshooting documentation can be found at https://cloud.google.com/functions/docs/troubleshooting#logging. Please visit https://cloud.google.com/functions/docs/troubleshooting for in-depth troubleshooting documentation.
[debug] [2023-02-23T06:59:00.906Z] Total Function Deployment time: 112066
[debug] [2023-02-23T06:59:00.906Z] 1 Functions Deployed
[debug] [2023-02-23T06:59:00.908Z] 1 Functions Errored
[debug] [2023-02-23T06:59:00.909Z] 0 Function Deployments Aborted
[debug] [2023-02-23T06:59:00.909Z] Average Function Deployment time: 112061
[info] 
[info] Functions deploy had errors with the following functions:
	post(us-central1)
[debug] [2023-02-23T06:59:00.935Z] Not printing URL for HTTPS function. Typically this means it didn't match a filter or we failed deployment
[info] i  functions: cleaning up build files... 
[debug] [2023-02-23T06:59:00.938Z] >>> [apiv2][query] DELETE https://artifactregistry.googleapis.com/v1beta2/projects/linebot-rasa/locations/us-central1/repositories/gcf-artifacts/packages/post [none]
[debug] [2023-02-23T06:59:00.938Z] >>> [apiv2][query] GET https://us.gcr.io/v2/linebot-rasa/gcf/us-central1/tags/list [none]
[debug] [2023-02-23T06:59:02.169Z] <<< [apiv2][status] DELETE https://artifactregistry.googleapis.com/v1beta2/projects/linebot-rasa/locations/us-central1/repositories/gcf-artifacts/packages/post 200
[debug] [2023-02-23T06:59:02.169Z] <<< [apiv2][body] DELETE https://artifactregistry.googleapis.com/v1beta2/projects/linebot-rasa/locations/us-central1/repositories/gcf-artifacts/packages/post {"name":"projects/linebot-rasa/locations/us-central1/operations/18aaefee-edb2-440f-b8a1-4722f8fa36c2","metadata":{"@type":"type.googleapis.com/google.devtools.artifactregistry.v1beta2.OperationMetadata"}}
[debug] [2023-02-23T06:59:02.170Z] >>> [apiv2][query] GET https://artifactregistry.googleapis.com/v1beta2/projects/linebot-rasa/locations/us-central1/operations/18aaefee-edb2-440f-b8a1-4722f8fa36c2 [none]
[debug] [2023-02-23T06:59:03.173Z] <<< [apiv2][status] GET https://artifactregistry.googleapis.com/v1beta2/projects/linebot-rasa/locations/us-central1/operations/18aaefee-edb2-440f-b8a1-4722f8fa36c2 200
[debug] [2023-02-23T06:59:03.174Z] <<< [apiv2][body] GET https://artifactregistry.googleapis.com/v1beta2/projects/linebot-rasa/locations/us-central1/operations/18aaefee-edb2-440f-b8a1-4722f8fa36c2 {"name":"projects/linebot-rasa/locations/us-central1/operations/18aaefee-edb2-440f-b8a1-4722f8fa36c2","metadata":{"@type":"type.googleapis.com/google.devtools.artifactregistry.v1beta2.OperationMetadata"},"done":true,"response":{"@type":"type.googleapis.com/google.protobuf.Empty"}}
[debug] [2023-02-23T06:59:03.852Z] <<< [apiv2][status] GET https://us.gcr.io/v2/linebot-rasa/gcf/us-central1/tags/list 200
[debug] [2023-02-23T06:59:03.853Z] <<< [apiv2][body] GET https://us.gcr.io/v2/linebot-rasa/gcf/us-central1/tags/list {"child":[],"manifest":{},"name":"linebot-rasa/gcf/us-central1","tags":[]}
[debug] [2023-02-23T06:59:03.853Z] Could not find image for function projects/linebot-rasa/locations/us-central1/functions/post
[debug] [2023-02-23T06:59:03.854Z] Functions deploy failed.
[debug] [2023-02-23T06:59:03.855Z] {
  "endpoint": {
    "id": "post",
    "project": "linebot-rasa",
    "region": "us-central1",
    "entryPoint": "post",
    "platform": "gcfv1",
    "runtime": "nodejs16",
    "httpsTrigger": {},
    "serviceAccount": null,
    "ingressSettings": null,
    "availableMemoryMb": null,
    "timeoutSeconds": null,
    "maxInstances": null,
    "minInstances": null,
    "vpc": null,
    "environmentVariables": {
      "FIREBASE_CONFIG": "{\"projectId\":\"linebot-rasa\",\"storageBucket\":\"linebot-rasa.appspot.com\"}",
      "GCLOUD_PROJECT": "linebot-rasa",
      "EVENTARC_CLOUD_EVENT_SOURCE": "projects/linebot-rasa/locations/us-central1/functions/post"
    },
    "codebase": "default",
    "targetedByOnly": false,
    "hash": "00b6c4baebc2bac3ce01498bc0a556ce6fd7cfdb",
    "labels": {
      "deployment-tool": "cli-firebase"
    }
  },
  "op": "create",
  "original": {
    "name": "FirebaseError",
    "children": [],
    "exit": 1,
    "message": "Function failed on loading user code. This is likely due to a bug in the user code. Error message: Error: please examine your function logs to see the error cause: https://cloud.google.com/functions/docs/monitoring/logging#viewing_logs. Additional troubleshooting documentation can be found at https://cloud.google.com/functions/docs/troubleshooting#logging. Please visit https://cloud.google.com/functions/docs/troubleshooting for in-depth troubleshooting documentation.",
    "status": 3
  }
}
[debug] [2023-02-23T06:59:03.891Z] Error: Failed to create function post in region us-central1
    at C:\Users\harrychien\AppData\Roaming\nvm\v14.19.1\node_modules\firebase-tools\lib\deploy\functions\release\fabricator.js:48:11
    at processTicksAndRejections (internal/process/task_queues.js:95:5)
    at async Fabricator.createV1Function (C:\Users\harrychien\AppData\Roaming\nvm\v14.19.1\node_modules\firebase-tools\lib\deploy\functions\release\fabricator.js:177:32)
    at async Fabricator.createEndpoint (C:\Users\harrychien\AppData\Roaming\nvm\v14.19.1\node_modules\firebase-tools\lib\deploy\functions\release\fabricator.js:129:13)
    at async handle (C:\Users\harrychien\AppData\Roaming\nvm\v14.19.1\node_modules\firebase-tools\lib\deploy\functions\release\fabricator.js:85:17)
[error] 
[error] Error: There was an error deploying functions
[debug] [2023-02-23T07:35:18.559Z] ----------------------------------------------------------------------
[debug] [2023-02-23T07:35:18.562Z] Command:       C:\Program Files\nodejs\node.exe C:\Program Files\nodejs\node_modules\firebase-tools\lib\bin\firebase.js deploy
[debug] [2023-02-23T07:35:18.562Z] CLI Version:   11.23.1
[debug] [2023-02-23T07:35:18.562Z] Platform:      win32
[debug] [2023-02-23T07:35:18.562Z] Node Version:  v14.19.1
[debug] [2023-02-23T07:35:18.563Z] Time:          Thu Feb 23 2023 15:35:18 GMT+0800 (台北標準時間)
[debug] [2023-02-23T07:35:18.564Z] ----------------------------------------------------------------------
[debug] 
[debug] [2023-02-23T07:35:18.683Z] > command requires scopes: ["email","openid","https://www.googleapis.com/auth/cloudplatformprojects.readonly","https://www.googleapis.com/auth/firebase","https://www.googleapis.com/auth/cloud-platform"]
[debug] [2023-02-23T07:35:18.683Z] > authorizing via signed-in user (street.baller06@gmail.com)
[debug] [2023-02-23T07:35:18.683Z] [iam] checking project linebot-rasa for permissions ["cloudfunctions.functions.create","cloudfunctions.functions.delete","cloudfunctions.functions.get","cloudfunctions.functions.list","cloudfunctions.functions.update","cloudfunctions.operations.get","firebase.projects.get"]
[debug] [2023-02-23T07:35:18.685Z] > refreshing access token with scopes: []
[debug] [2023-02-23T07:35:18.687Z] >>> [apiv2][query] POST https://www.googleapis.com/oauth2/v3/token [none]
[debug] [2023-02-23T07:35:18.687Z] >>> [apiv2][body] POST https://www.googleapis.com/oauth2/v3/token [omitted]
[debug] [2023-02-23T07:35:18.790Z] <<< [apiv2][status] POST https://www.googleapis.com/oauth2/v3/token 200
[debug] [2023-02-23T07:35:18.790Z] <<< [apiv2][body] POST https://www.googleapis.com/oauth2/v3/token [omitted]
[debug] [2023-02-23T07:35:18.887Z] >>> [apiv2][query] POST https://cloudresourcemanager.googleapis.com/v1/projects/linebot-rasa:testIamPermissions [none]
[debug] [2023-02-23T07:35:18.887Z] >>> [apiv2][(partial)header] POST https://cloudresourcemanager.googleapis.com/v1/projects/linebot-rasa:testIamPermissions x-goog-quota-user=projects/linebot-rasa
[debug] [2023-02-23T07:35:18.887Z] >>> [apiv2][body] POST https://cloudresourcemanager.googleapis.com/v1/projects/linebot-rasa:testIamPermissions {"permissions":["cloudfunctions.functions.create","cloudfunctions.functions.delete","cloudfunctions.functions.get","cloudfunctions.functions.list","cloudfunctions.functions.update","cloudfunctions.operations.get","firebase.projects.get"]}
[debug] [2023-02-23T07:35:19.744Z] <<< [apiv2][status] POST https://cloudresourcemanager.googleapis.com/v1/projects/linebot-rasa:testIamPermissions 200
[debug] [2023-02-23T07:35:19.745Z] <<< [apiv2][body] POST https://cloudresourcemanager.googleapis.com/v1/projects/linebot-rasa:testIamPermissions {"permissions":["cloudfunctions.functions.create","cloudfunctions.functions.delete","cloudfunctions.functions.get","cloudfunctions.functions.list","cloudfunctions.functions.update","cloudfunctions.operations.get","firebase.projects.get"]}
[debug] [2023-02-23T07:35:19.746Z] >>> [apiv2][query] POST https://iam.googleapis.com/v1/projects/linebot-rasa/serviceAccounts/linebot-rasa@appspot.gserviceaccount.com:testIamPermissions [none]
[debug] [2023-02-23T07:35:19.747Z] >>> [apiv2][body] POST https://iam.googleapis.com/v1/projects/linebot-rasa/serviceAccounts/linebot-rasa@appspot.gserviceaccount.com:testIamPermissions {"permissions":["iam.serviceAccounts.actAs"]}
[debug] [2023-02-23T07:35:20.086Z] <<< [apiv2][status] POST https://iam.googleapis.com/v1/projects/linebot-rasa/serviceAccounts/linebot-rasa@appspot.gserviceaccount.com:testIamPermissions 200
[debug] [2023-02-23T07:35:20.086Z] <<< [apiv2][body] POST https://iam.googleapis.com/v1/projects/linebot-rasa/serviceAccounts/linebot-rasa@appspot.gserviceaccount.com:testIamPermissions {"permissions":["iam.serviceAccounts.actAs"]}
[info] 
[info] === Deploying to 'linebot-rasa'...
[info] 
[info] i  deploying functions 
[debug] [2023-02-23T07:35:20.100Z] >>> [apiv2][query] GET https://firebase.googleapis.com/v1beta1/projects/linebot-rasa [none]
[debug] [2023-02-23T07:35:20.377Z] <<< [apiv2][status] GET https://firebase.googleapis.com/v1beta1/projects/linebot-rasa 200
[debug] [2023-02-23T07:35:20.377Z] <<< [apiv2][body] GET https://firebase.googleapis.com/v1beta1/projects/linebot-rasa {"projectId":"linebot-rasa","projectNumber":"229765091440","displayName":"linebot-rasa","name":"projects/linebot-rasa","resources":{"hostingSite":"linebot-rasa"},"state":"ACTIVE","etag":"1_36f4fdfc-06c4-44cc-a620-6bf827490c68"}
[info] i  functions: preparing codebase default for deployment 
[info] i  functions: ensuring required API cloudfunctions.googleapis.com is enabled... 
[info] i  functions: ensuring required API cloudbuild.googleapis.com is enabled... 
[info] i  artifactregistry: ensuring required API artifactregistry.googleapis.com is enabled... 
[debug] [2023-02-23T07:35:20.382Z] >>> [apiv2][query] GET https://serviceusage.googleapis.com/v1/projects/linebot-rasa/services/cloudfunctions.googleapis.com [none]
[debug] [2023-02-23T07:35:20.383Z] >>> [apiv2][(partial)header] GET https://serviceusage.googleapis.com/v1/projects/linebot-rasa/services/cloudfunctions.googleapis.com x-goog-quota-user=projects/linebot-rasa
[debug] [2023-02-23T07:35:20.385Z] >>> [apiv2][query] GET https://serviceusage.googleapis.com/v1/projects/linebot-rasa/services/runtimeconfig.googleapis.com [none]
[debug] [2023-02-23T07:35:20.385Z] >>> [apiv2][(partial)header] GET https://serviceusage.googleapis.com/v1/projects/linebot-rasa/services/runtimeconfig.googleapis.com x-goog-quota-user=projects/linebot-rasa
[debug] [2023-02-23T07:35:20.387Z] >>> [apiv2][query] GET https://serviceusage.googleapis.com/v1/projects/linebot-rasa/services/cloudbuild.googleapis.com [none]
[debug] [2023-02-23T07:35:20.387Z] >>> [apiv2][(partial)header] GET https://serviceusage.googleapis.com/v1/projects/linebot-rasa/services/cloudbuild.googleapis.com x-goog-quota-user=projects/linebot-rasa
[debug] [2023-02-23T07:35:20.389Z] >>> [apiv2][query] GET https://serviceusage.googleapis.com/v1/projects/linebot-rasa/services/artifactregistry.googleapis.com [none]
[debug] [2023-02-23T07:35:20.389Z] >>> [apiv2][(partial)header] GET https://serviceusage.googleapis.com/v1/projects/linebot-rasa/services/artifactregistry.googleapis.com x-goog-quota-user=projects/linebot-rasa
[debug] [2023-02-23T07:35:21.591Z] <<< [apiv2][status] GET https://serviceusage.googleapis.com/v1/projects/linebot-rasa/services/cloudfunctions.googleapis.com 200
[debug] [2023-02-23T07:35:21.592Z] <<< [apiv2][body] GET https://serviceusage.googleapis.com/v1/projects/linebot-rasa/services/cloudfunctions.googleapis.com [omitted]
[info] +  functions: required API cloudfunctions.googleapis.com is enabled 
[debug] [2023-02-23T07:35:21.595Z] <<< [apiv2][status] GET https://serviceusage.googleapis.com/v1/projects/linebot-rasa/services/cloudbuild.googleapis.com 200
[debug] [2023-02-23T07:35:21.595Z] <<< [apiv2][body] GET https://serviceusage.googleapis.com/v1/projects/linebot-rasa/services/cloudbuild.googleapis.com [omitted]
[info] +  functions: required API cloudbuild.googleapis.com is enabled 
[debug] [2023-02-23T07:35:21.625Z] <<< [apiv2][status] GET https://serviceusage.googleapis.com/v1/projects/linebot-rasa/services/artifactregistry.googleapis.com 200
[debug] [2023-02-23T07:35:21.625Z] <<< [apiv2][body] GET https://serviceusage.googleapis.com/v1/projects/linebot-rasa/services/artifactregistry.googleapis.com [omitted]
[info] +  artifactregistry: required API artifactregistry.googleapis.com is enabled 
[debug] [2023-02-23T07:35:21.642Z] <<< [apiv2][status] GET https://serviceusage.googleapis.com/v1/projects/linebot-rasa/services/runtimeconfig.googleapis.com 200
[debug] [2023-02-23T07:35:21.642Z] <<< [apiv2][body] GET https://serviceusage.googleapis.com/v1/projects/linebot-rasa/services/runtimeconfig.googleapis.com [omitted]
[debug] [2023-02-23T07:35:21.643Z] >>> [apiv2][query] GET https://firebase.googleapis.com/v1beta1/projects/linebot-rasa/adminSdkConfig [none]
[debug] [2023-02-23T07:35:21.895Z] <<< [apiv2][status] GET https://firebase.googleapis.com/v1beta1/projects/linebot-rasa/adminSdkConfig 200
[debug] [2023-02-23T07:35:21.896Z] <<< [apiv2][body] GET https://firebase.googleapis.com/v1beta1/projects/linebot-rasa/adminSdkConfig {"projectId":"linebot-rasa","storageBucket":"linebot-rasa.appspot.com"}
[debug] [2023-02-23T07:35:21.898Z] >>> [apiv2][query] GET https://runtimeconfig.googleapis.com/v1beta1/projects/linebot-rasa/configs [none]
[debug] [2023-02-23T07:35:22.158Z] <<< [apiv2][status] GET https://runtimeconfig.googleapis.com/v1beta1/projects/linebot-rasa/configs 200
[debug] [2023-02-23T07:35:22.158Z] <<< [apiv2][body] GET https://runtimeconfig.googleapis.com/v1beta1/projects/linebot-rasa/configs {}
[debug] [2023-02-23T07:35:22.160Z] Validating nodejs source
[debug] [2023-02-23T07:35:25.261Z] > [functions] package.json contents: {
  "name": "functions",
  "description": "Cloud Functions for Firebase",
  "scripts": {
    "serve": "firebase emulators:start --only functions",
    "shell": "firebase functions:shell",
    "start": "npm run shell",
    "deploy": "firebase deploy --only functions",
    "logs": "firebase functions:log"
  },
  "engines": {
    "node": "16"
  },
  "main": "index.js",
  "dependencies": {
    "firebase-admin": "^11.5.0",
    "firebase-functions": "^4.2.0",
    "axios": "^1.1.3",
    "cors": "^2.8.5",
    "dotenv": "^16.0.3",
    "express": "^4.18.2",
    "express-session": "^1.17.3",
    "jsonwebtoken": "^8.5.1",
    "linebot": "^1.6.1",
    "passport": "^0.6.0",
    "passport-line-auth": "^0.2.9",
    "request": "^2.88.2",
    "request-promise": "^4.2.6"
  },
  "devDependencies": {
    "firebase-functions-test": "^3.0.0"
  },
  "private": true
}
[debug] [2023-02-23T07:35:25.261Z] Building nodejs source
[debug] [2023-02-23T07:35:25.263Z] Could not find functions.yaml. Must use http discovery
[debug] [2023-02-23T07:35:25.277Z] Found firebase-functions binary at 'C:\Users\harrychien\Desktop\vscode_file\lineBot\functions\node_modules\.bin\firebase-functions'
[debug] [2023-02-23T07:35:26.135Z] Serving at port 8472

[debug] [2023-02-23T07:35:27.412Z] Got response from /__/functions.yaml {"endpoints":{"post":{"platform":"gcfv1","availableMemoryMb":null,"timeoutSeconds":null,"minInstances":null,"maxInstances":null,"ingressSettings":null,"serviceAccountEmail":null,"vpc":null,"httpsTrigger":{},"entryPoint":"post"}},"specVersion":"v1alpha1","requiredAPIs":[]}
[debug] [2023-02-23T07:35:27.428Z] shutdown requested via /__/quitquitquit

[info] i  functions: preparing functions directory for uploading... 
[info] i  functions: packaged C:\Users\harrychien\Desktop\vscode_file\lineBot\functions (33.86 KB) for uploading 
[debug] [2023-02-23T07:35:27.634Z] >>> [apiv2][query] GET https://cloudfunctions.googleapis.com/v1/projects/linebot-rasa/locations/-/functions [none]
[debug] [2023-02-23T07:35:28.483Z] <<< [apiv2][status] GET https://cloudfunctions.googleapis.com/v1/projects/linebot-rasa/locations/-/functions 200
[debug] [2023-02-23T07:35:28.483Z] <<< [apiv2][body] GET https://cloudfunctions.googleapis.com/v1/projects/linebot-rasa/locations/-/functions {"functions":[{"name":"projects/linebot-rasa/locations/us-central1/functions/post","httpsTrigger":{"url":"https://us-central1-linebot-rasa.cloudfunctions.net/post","securityLevel":"SECURE_ALWAYS"},"status":"OFFLINE","entryPoint":"post","timeout":"60s","availableMemoryMb":256,"serviceAccountEmail":"linebot-rasa@appspot.gserviceaccount.com","updateTime":"2023-02-23T06:58:58.385Z","versionId":"1","labels":{"deployment-tool":"cli-firebase","firebase-functions-hash":"00b6c4baebc2bac3ce01498bc0a556ce6fd7cfdb"},"sourceUploadUrl":"https://storage.googleapis.com/uploads-50658663589.us-central1.cloudfunctions.appspot.com/debfc245-79ad-4200-84db-4df9fd58bb64.zip","environmentVariables":{"FIREBASE_CONFIG":"{\"projectId\":\"linebot-rasa\",\"storageBucket\":\"linebot-rasa.appspot.com\"}","GCLOUD_PROJECT":"linebot-rasa","EVENTARC_CLOUD_EVENT_SOURCE":"projects/linebot-rasa/locations/us-central1/functions/post"},"runtime":"nodejs16","ingressSettings":"ALLOW_ALL","buildId":"5e3dc1cf-985c-437a-9686-bf85d9024330","buildName":"projects/229765091440/locations/us-central1/builds/5e3dc1cf-985c-437a-9686-bf85d9024330","dockerRegistry":"ARTIFACT_REGISTRY"}]}
[debug] [2023-02-23T07:35:28.486Z] >>> [apiv2][query] GET https://cloudfunctions.googleapis.com/v2/projects/linebot-rasa/locations/-/functions filter=environment%3D%22GEN_2%22
[debug] [2023-02-23T07:35:29.803Z] <<< [apiv2][status] GET https://cloudfunctions.googleapis.com/v2/projects/linebot-rasa/locations/-/functions 200
[debug] [2023-02-23T07:35:29.804Z] <<< [apiv2][body] GET https://cloudfunctions.googleapis.com/v2/projects/linebot-rasa/locations/-/functions {}
[debug] [2023-02-23T07:35:29.817Z] >>> [apiv2][query] GET https://firebase.googleapis.com/v1beta1/projects/linebot-rasa [none]
[debug] [2023-02-23T07:35:30.085Z] <<< [apiv2][status] GET https://firebase.googleapis.com/v1beta1/projects/linebot-rasa 200
[debug] [2023-02-23T07:35:30.085Z] <<< [apiv2][body] GET https://firebase.googleapis.com/v1beta1/projects/linebot-rasa {"projectId":"linebot-rasa","projectNumber":"229765091440","displayName":"linebot-rasa","name":"projects/linebot-rasa","resources":{"hostingSite":"linebot-rasa"},"state":"ACTIVE","etag":"1_36f4fdfc-06c4-44cc-a620-6bf827490c68"}
[debug] [2023-02-23T07:35:30.095Z] >>> [apiv2][query] POST https://cloudfunctions.googleapis.com/v1/projects/linebot-rasa/locations/us-central1/functions:generateUploadUrl [none]
[debug] [2023-02-23T07:35:30.096Z] >>> [apiv2][body] POST https://cloudfunctions.googleapis.com/v1/projects/linebot-rasa/locations/us-central1/functions:generateUploadUrl {}
[debug] [2023-02-23T07:35:30.804Z] <<< [apiv2][status] POST https://cloudfunctions.googleapis.com/v1/projects/linebot-rasa/locations/us-central1/functions:generateUploadUrl 200
[debug] [2023-02-23T07:35:30.804Z] <<< [apiv2][body] POST https://cloudfunctions.googleapis.com/v1/projects/linebot-rasa/locations/us-central1/functions:generateUploadUrl {"uploadUrl":"https://storage.googleapis.com/uploads-50658663589.us-central1.cloudfunctions.appspot.com/2f2caa37-f663-41f2-a203-bdcfb06b4367.zip?GoogleAccessId=service-229765091440@gcf-admin-robot.iam.gserviceaccount.com&Expires=1677139530&Signature=dW3WWd5DY4yEqktgnmpAzwYJJqlSdc48bues1GfW7eHGIu7KWYQOL7yDsn2lhBqmGJO5bg%2FJHQOktIneZchUvLqlFNGWVGWHjhNOI8kJ105F4dAy454NgPzG40YuHbaE2RKL69o1eVkWMQEjKPGngINudC8vKpnyBt3tBIy3YqYD1WjIFTy%2BlCATj6xV3mt1xKvTBaMjqxZwyVok3BGgzgRtdpZzanYhcd7nnZGwPCcE9SrZrGNiCMyCJPSQe4UAdAR8Suo%2B7V79He5OsgwTDGxWJs6%2Bfia8vHKBbAlxlBHYCaxGS3MD73ioYaWlxi%2BWI0cROx1n8cKrBCNCZtqyeA%3D%3D"}
[debug] [2023-02-23T07:35:30.806Z] >>> [apiv2][query] PUT https://storage.googleapis.com/uploads-50658663589.us-central1.cloudfunctions.appspot.com/2f2caa37-f663-41f2-a203-bdcfb06b4367.zip GoogleAccessId=service-229765091440%40gcf-admin-robot.iam.gserviceaccount.com&Expires=1677139530&Signature=dW3WWd5DY4yEqktgnmpAzwYJJqlSdc48bues1GfW7eHGIu7KWYQOL7yDsn2lhBqmGJO5bg%2FJHQOktIneZchUvLqlFNGWVGWHjhNOI8kJ105F4dAy454NgPzG40YuHbaE2RKL69o1eVkWMQEjKPGngINudC8vKpnyBt3tBIy3YqYD1WjIFTy%2BlCATj6xV3mt1xKvTBaMjqxZwyVok3BGgzgRtdpZzanYhcd7nnZGwPCcE9SrZrGNiCMyCJPSQe4UAdAR8Suo%2B7V79He5OsgwTDGxWJs6%2Bfia8vHKBbAlxlBHYCaxGS3MD73ioYaWlxi%2BWI0cROx1n8cKrBCNCZtqyeA%3D%3D
[debug] [2023-02-23T07:35:30.806Z] >>> [apiv2][body] PUT https://storage.googleapis.com/uploads-50658663589.us-central1.cloudfunctions.appspot.com/2f2caa37-f663-41f2-a203-bdcfb06b4367.zip [stream]
[debug] [2023-02-23T07:35:31.124Z] <<< [apiv2][status] PUT https://storage.googleapis.com/uploads-50658663589.us-central1.cloudfunctions.appspot.com/2f2caa37-f663-41f2-a203-bdcfb06b4367.zip 200
[debug] [2023-02-23T07:35:31.124Z] <<< [apiv2][body] PUT https://storage.googleapis.com/uploads-50658663589.us-central1.cloudfunctions.appspot.com/2f2caa37-f663-41f2-a203-bdcfb06b4367.zip [omitted]
[info] +  functions: functions folder uploaded successfully 
[info] i  functions: updating Node.js 16 function post(us-central1)... 
[debug] [2023-02-23T07:35:31.134Z] >>> [apiv2][query] PATCH https://cloudfunctions.googleapis.com/v1/projects/linebot-rasa/locations/us-central1/functions/post updateMask=name%2CsourceUploadUrl%2CentryPoint%2Cruntime%2CdockerRegistry%2Clabels%2ChttpsTrigger.securityLevel%2CminInstances%2CmaxInstances%2CingressSettings%2CenvironmentVariables%2CserviceAccountEmail%2CavailableMemoryMb%2Ctimeout%2CvpcConnector%2CvpcConnectorEgressSettings%2CsourceToken
[debug] [2023-02-23T07:35:31.135Z] >>> [apiv2][body] PATCH https://cloudfunctions.googleapis.com/v1/projects/linebot-rasa/locations/us-central1/functions/post {"name":"projects/linebot-rasa/locations/us-central1/functions/post","sourceUploadUrl":"https://storage.googleapis.com/uploads-50658663589.us-central1.cloudfunctions.appspot.com/2f2caa37-f663-41f2-a203-bdcfb06b4367.zip?GoogleAccessId=service-229765091440@gcf-admin-robot.iam.gserviceaccount.com&Expires=1677139530&Signature=dW3WWd5DY4yEqktgnmpAzwYJJqlSdc48bues1GfW7eHGIu7KWYQOL7yDsn2lhBqmGJO5bg%2FJHQOktIneZchUvLqlFNGWVGWHjhNOI8kJ105F4dAy454NgPzG40YuHbaE2RKL69o1eVkWMQEjKPGngINudC8vKpnyBt3tBIy3YqYD1WjIFTy%2BlCATj6xV3mt1xKvTBaMjqxZwyVok3BGgzgRtdpZzanYhcd7nnZGwPCcE9SrZrGNiCMyCJPSQe4UAdAR8Suo%2B7V79He5OsgwTDGxWJs6%2Bfia8vHKBbAlxlBHYCaxGS3MD73ioYaWlxi%2BWI0cROx1n8cKrBCNCZtqyeA%3D%3D","entryPoint":"post","runtime":"nodejs16","dockerRegistry":"ARTIFACT_REGISTRY","labels":{"deployment-tool":"cli-firebase","firebase-functions-hash":"b4cc94298dc6c4a15ff070bb202c02fc2dec886a"},"httpsTrigger":{"securityLevel":"SECURE_ALWAYS"},"minInstances":null,"maxInstances":null,"ingressSettings":null,"environmentVariables":{"FIREBASE_CONFIG":"{\"projectId\":\"linebot-rasa\",\"storageBucket\":\"linebot-rasa.appspot.com\"}","GCLOUD_PROJECT":"linebot-rasa","EVENTARC_CLOUD_EVENT_SOURCE":"projects/linebot-rasa/locations/us-central1/functions/post"},"serviceAccountEmail":null,"availableMemoryMb":null,"timeout":null,"vpcConnector":null,"vpcConnectorEgressSettings":null}
[debug] [2023-02-23T07:35:31.758Z] <<< [apiv2][status] PATCH https://cloudfunctions.googleapis.com/v1/projects/linebot-rasa/locations/us-central1/functions/post 200
[debug] [2023-02-23T07:35:31.759Z] <<< [apiv2][body] PATCH https://cloudfunctions.googleapis.com/v1/projects/linebot-rasa/locations/us-central1/functions/post {"name":"operations/bGluZWJvdC1yYXNhL3VzLWNlbnRyYWwxL3Bvc3QvSWJKWmhudlVQVVE","metadata":{"@type":"type.googleapis.com/google.cloud.functions.v1.OperationMetadataV1","target":"projects/linebot-rasa/locations/us-central1/functions/post","type":"UPDATE_FUNCTION","request":{"@type":"type.googleapis.com/google.cloud.functions.v1.CloudFunction","name":"projects/linebot-rasa/locations/us-central1/functions/post","httpsTrigger":{"url":"https://us-central1-linebot-rasa.cloudfunctions.net/post","securityLevel":"SECURE_ALWAYS"},"status":"OFFLINE","entryPoint":"post","updateTime":"2023-02-23T06:58:58.385Z","versionId":"1","labels":{"deployment-tool":"cli-firebase","firebase-functions-hash":"b4cc94298dc6c4a15ff070bb202c02fc2dec886a"},"sourceUploadUrl":"https://storage.googleapis.com/uploads-50658663589.us-central1.cloudfunctions.appspot.com/2f2caa37-f663-41f2-a203-bdcfb06b4367.zip?GoogleAccessId=service-229765091440@gcf-admin-robot.iam.gserviceaccount.com&Expires=1677139530&Signature=dW3WWd5DY4yEqktgnmpAzwYJJqlSdc48bues1GfW7eHGIu7KWYQOL7yDsn2lhBqmGJO5bg%2FJHQOktIneZchUvLqlFNGWVGWHjhNOI8kJ105F4dAy454NgPzG40YuHbaE2RKL69o1eVkWMQEjKPGngINudC8vKpnyBt3tBIy3YqYD1WjIFTy%2BlCATj6xV3mt1xKvTBaMjqxZwyVok3BGgzgRtdpZzanYhcd7nnZGwPCcE9SrZrGNiCMyCJPSQe4UAdAR8Suo%2B7V79He5OsgwTDGxWJs6%2Bfia8vHKBbAlxlBHYCaxGS3MD73ioYaWlxi%2BWI0cROx1n8cKrBCNCZtqyeA%3D%3D","environmentVariables":{"FIREBASE_CONFIG":"{\"projectId\":\"linebot-rasa\",\"storageBucket\":\"linebot-rasa.appspot.com\"}","GCLOUD_PROJECT":"linebot-rasa","EVENTARC_CLOUD_EVENT_SOURCE":"projects/linebot-rasa/locations/us-central1/functions/post"},"runtime":"nodejs16","buildId":"5e3dc1cf-985c-437a-9686-bf85d9024330","buildName":"projects/229765091440/locations/us-central1/builds/5e3dc1cf-985c-437a-9686-bf85d9024330","dockerRegistry":"ARTIFACT_REGISTRY"},"versionId":"2","updateTime":"2023-02-23T07:35:31Z"}}
[debug] [2023-02-23T07:35:31.761Z] >>> [apiv2][query] GET https://cloudfunctions.googleapis.com/v1/operations/bGluZWJvdC1yYXNhL3VzLWNlbnRyYWwxL3Bvc3QvSWJKWmhudlVQVVE [none]
[debug] [2023-02-23T07:35:32.061Z] <<< [apiv2][status] GET https://cloudfunctions.googleapis.com/v1/operations/bGluZWJvdC1yYXNhL3VzLWNlbnRyYWwxL3Bvc3QvSWJKWmhudlVQVVE 200
[debug] [2023-02-23T07:35:32.061Z] <<< [apiv2][body] GET https://cloudfunctions.googleapis.com/v1/operations/bGluZWJvdC1yYXNhL3VzLWNlbnRyYWwxL3Bvc3QvSWJKWmhudlVQVVE {"name":"operations/bGluZWJvdC1yYXNhL3VzLWNlbnRyYWwxL3Bvc3QvSWJKWmhudlVQVVE","metadata":{"@type":"type.googleapis.com/google.cloud.functions.v1.OperationMetadataV1","target":"projects/linebot-rasa/locations/us-central1/functions/post","type":"UPDATE_FUNCTION","request":{"@type":"type.googleapis.com/google.cloud.functions.v1.CloudFunction","name":"projects/linebot-rasa/locations/us-central1/functions/post","httpsTrigger":{"url":"https://us-central1-linebot-rasa.cloudfunctions.net/post","securityLevel":"SECURE_ALWAYS"},"status":"OFFLINE","entryPoint":"post","updateTime":"2023-02-23T06:58:58.385Z","versionId":"1","labels":{"deployment-tool":"cli-firebase","firebase-functions-hash":"b4cc94298dc6c4a15ff070bb202c02fc2dec886a"},"sourceUploadUrl":"https://storage.googleapis.com/uploads-50658663589.us-central1.cloudfunctions.appspot.com/2f2caa37-f663-41f2-a203-bdcfb06b4367.zip?GoogleAccessId=service-229765091440@gcf-admin-robot.iam.gserviceaccount.com&Expires=1677139530&Signature=dW3WWd5DY4yEqktgnmpAzwYJJqlSdc48bues1GfW7eHGIu7KWYQOL7yDsn2lhBqmGJO5bg%2FJHQOktIneZchUvLqlFNGWVGWHjhNOI8kJ105F4dAy454NgPzG40YuHbaE2RKL69o1eVkWMQEjKPGngINudC8vKpnyBt3tBIy3YqYD1WjIFTy%2BlCATj6xV3mt1xKvTBaMjqxZwyVok3BGgzgRtdpZzanYhcd7nnZGwPCcE9SrZrGNiCMyCJPSQe4UAdAR8Suo%2B7V79He5OsgwTDGxWJs6%2Bfia8vHKBbAlxlBHYCaxGS3MD73ioYaWlxi%2BWI0cROx1n8cKrBCNCZtqyeA%3D%3D","environmentVariables":{"FIREBASE_CONFIG":"{\"projectId\":\"linebot-rasa\",\"storageBucket\":\"linebot-rasa.appspot.com\"}","GCLOUD_PROJECT":"linebot-rasa","EVENTARC_CLOUD_EVENT_SOURCE":"projects/linebot-rasa/locations/us-central1/functions/post"},"runtime":"nodejs16","buildId":"5e3dc1cf-985c-437a-9686-bf85d9024330","buildName":"projects/229765091440/locations/us-central1/builds/5e3dc1cf-985c-437a-9686-bf85d9024330","dockerRegistry":"ARTIFACT_REGISTRY"},"versionId":"2","updateTime":"2023-02-23T07:35:31Z"}}
[debug] [2023-02-23T07:35:32.570Z] [update-default-us-central1-post] Retrying task index 0
[debug] [2023-02-23T07:35:32.571Z] >>> [apiv2][query] GET https://cloudfunctions.googleapis.com/v1/operations/bGluZWJvdC1yYXNhL3VzLWNlbnRyYWwxL3Bvc3QvSWJKWmhudlVQVVE [none]
[debug] [2023-02-23T07:35:32.875Z] <<< [apiv2][status] GET https://cloudfunctions.googleapis.com/v1/operations/bGluZWJvdC1yYXNhL3VzLWNlbnRyYWwxL3Bvc3QvSWJKWmhudlVQVVE 200
[debug] [2023-02-23T07:35:32.875Z] <<< [apiv2][body] GET https://cloudfunctions.googleapis.com/v1/operations/bGluZWJvdC1yYXNhL3VzLWNlbnRyYWwxL3Bvc3QvSWJKWmhudlVQVVE {"name":"operations/bGluZWJvdC1yYXNhL3VzLWNlbnRyYWwxL3Bvc3QvSWJKWmhudlVQVVE","metadata":{"@type":"type.googleapis.com/google.cloud.functions.v1.OperationMetadataV1","target":"projects/linebot-rasa/locations/us-central1/functions/post","type":"UPDATE_FUNCTION","request":{"@type":"type.googleapis.com/google.cloud.functions.v1.CloudFunction","name":"projects/linebot-rasa/locations/us-central1/functions/post","httpsTrigger":{"url":"https://us-central1-linebot-rasa.cloudfunctions.net/post","securityLevel":"SECURE_ALWAYS"},"status":"OFFLINE","entryPoint":"post","updateTime":"2023-02-23T06:58:58.385Z","versionId":"1","labels":{"deployment-tool":"cli-firebase","firebase-functions-hash":"b4cc94298dc6c4a15ff070bb202c02fc2dec886a"},"sourceUploadUrl":"https://storage.googleapis.com/uploads-50658663589.us-central1.cloudfunctions.appspot.com/2f2caa37-f663-41f2-a203-bdcfb06b4367.zip?GoogleAccessId=service-229765091440@gcf-admin-robot.iam.gserviceaccount.com&Expires=1677139530&Signature=dW3WWd5DY4yEqktgnmpAzwYJJqlSdc48bues1GfW7eHGIu7KWYQOL7yDsn2lhBqmGJO5bg%2FJHQOktIneZchUvLqlFNGWVGWHjhNOI8kJ105F4dAy454NgPzG40YuHbaE2RKL69o1eVkWMQEjKPGngINudC8vKpnyBt3tBIy3YqYD1WjIFTy%2BlCATj6xV3mt1xKvTBaMjqxZwyVok3BGgzgRtdpZzanYhcd7nnZGwPCcE9SrZrGNiCMyCJPSQe4UAdAR8Suo%2B7V79He5OsgwTDGxWJs6%2Bfia8vHKBbAlxlBHYCaxGS3MD73ioYaWlxi%2BWI0cROx1n8cKrBCNCZtqyeA%3D%3D","environmentVariables":{"FIREBASE_CONFIG":"{\"projectId\":\"linebot-rasa\",\"storageBucket\":\"linebot-rasa.appspot.com\"}","GCLOUD_PROJECT":"linebot-rasa","EVENTARC_CLOUD_EVENT_SOURCE":"projects/linebot-rasa/locations/us-central1/functions/post"},"runtime":"nodejs16","buildId":"5e3dc1cf-985c-437a-9686-bf85d9024330","buildName":"projects/229765091440/locations/us-central1/builds/5e3dc1cf-985c-437a-9686-bf85d9024330","dockerRegistry":"ARTIFACT_REGISTRY"},"versionId":"2","updateTime":"2023-02-23T07:35:31Z","buildId":"5eb9fefd-ba43-4d5a-9005-21b074e3684d","buildName":"projects/229765091440/locations/us-central1/builds/5eb9fefd-ba43-4d5a-9005-21b074e3684d"}}
[debug] [2023-02-23T07:35:33.879Z] [update-default-us-central1-post] Retrying task index 0
[debug] [2023-02-23T07:35:33.881Z] >>> [apiv2][query] GET https://cloudfunctions.googleapis.com/v1/operations/bGluZWJvdC1yYXNhL3VzLWNlbnRyYWwxL3Bvc3QvSWJKWmhudlVQVVE [none]
[debug] [2023-02-23T07:35:34.222Z] <<< [apiv2][status] GET https://cloudfunctions.googleapis.com/v1/operations/bGluZWJvdC1yYXNhL3VzLWNlbnRyYWwxL3Bvc3QvSWJKWmhudlVQVVE 200
[debug] [2023-02-23T07:35:34.223Z] <<< [apiv2][body] GET https://cloudfunctions.googleapis.com/v1/operations/bGluZWJvdC1yYXNhL3VzLWNlbnRyYWwxL3Bvc3QvSWJKWmhudlVQVVE {"name":"operations/bGluZWJvdC1yYXNhL3VzLWNlbnRyYWwxL3Bvc3QvSWJKWmhudlVQVVE","metadata":{"@type":"type.googleapis.com/google.cloud.functions.v1.OperationMetadataV1","target":"projects/linebot-rasa/locations/us-central1/functions/post","type":"UPDATE_FUNCTION","request":{"@type":"type.googleapis.com/google.cloud.functions.v1.CloudFunction","name":"projects/linebot-rasa/locations/us-central1/functions/post","httpsTrigger":{"url":"https://us-central1-linebot-rasa.cloudfunctions.net/post","securityLevel":"SECURE_ALWAYS"},"status":"OFFLINE","entryPoint":"post","updateTime":"2023-02-23T06:58:58.385Z","versionId":"1","labels":{"deployment-tool":"cli-firebase","firebase-functions-hash":"b4cc94298dc6c4a15ff070bb202c02fc2dec886a"},"sourceUploadUrl":"https://storage.googleapis.com/uploads-50658663589.us-central1.cloudfunctions.appspot.com/2f2caa37-f663-41f2-a203-bdcfb06b4367.zip?GoogleAccessId=service-229765091440@gcf-admin-robot.iam.gserviceaccount.com&Expires=1677139530&Signature=dW3WWd5DY4yEqktgnmpAzwYJJqlSdc48bues1GfW7eHGIu7KWYQOL7yDsn2lhBqmGJO5bg%2FJHQOktIneZchUvLqlFNGWVGWHjhNOI8kJ105F4dAy454NgPzG40YuHbaE2RKL69o1eVkWMQEjKPGngINudC8vKpnyBt3tBIy3YqYD1WjIFTy%2BlCATj6xV3mt1xKvTBaMjqxZwyVok3BGgzgRtdpZzanYhcd7nnZGwPCcE9SrZrGNiCMyCJPSQe4UAdAR8Suo%2B7V79He5OsgwTDGxWJs6%2Bfia8vHKBbAlxlBHYCaxGS3MD73ioYaWlxi%2BWI0cROx1n8cKrBCNCZtqyeA%3D%3D","environmentVariables":{"FIREBASE_CONFIG":"{\"projectId\":\"linebot-rasa\",\"storageBucket\":\"linebot-rasa.appspot.com\"}","GCLOUD_PROJECT":"linebot-rasa","EVENTARC_CLOUD_EVENT_SOURCE":"projects/linebot-rasa/locations/us-central1/functions/post"},"runtime":"nodejs16","buildId":"5e3dc1cf-985c-437a-9686-bf85d9024330","buildName":"projects/229765091440/locations/us-central1/builds/5e3dc1cf-985c-437a-9686-bf85d9024330","dockerRegistry":"ARTIFACT_REGISTRY"},"versionId":"2","updateTime":"2023-02-23T07:35:31Z","buildId":"5eb9fefd-ba43-4d5a-9005-21b074e3684d","buildName":"projects/229765091440/locations/us-central1/builds/5eb9fefd-ba43-4d5a-9005-21b074e3684d"}}
[debug] [2023-02-23T07:35:36.237Z] [update-default-us-central1-post] Retrying task index 0
[debug] [2023-02-23T07:35:36.238Z] >>> [apiv2][query] GET https://cloudfunctions.googleapis.com/v1/operations/bGluZWJvdC1yYXNhL3VzLWNlbnRyYWwxL3Bvc3QvSWJKWmhudlVQVVE [none]
[debug] [2023-02-23T07:35:36.656Z] <<< [apiv2][status] GET https://cloudfunctions.googleapis.com/v1/operations/bGluZWJvdC1yYXNhL3VzLWNlbnRyYWwxL3Bvc3QvSWJKWmhudlVQVVE 200
[debug] [2023-02-23T07:35:36.657Z] <<< [apiv2][body] GET https://cloudfunctions.googleapis.com/v1/operations/bGluZWJvdC1yYXNhL3VzLWNlbnRyYWwxL3Bvc3QvSWJKWmhudlVQVVE {"name":"operations/bGluZWJvdC1yYXNhL3VzLWNlbnRyYWwxL3Bvc3QvSWJKWmhudlVQVVE","metadata":{"@type":"type.googleapis.com/google.cloud.functions.v1.OperationMetadataV1","target":"projects/linebot-rasa/locations/us-central1/functions/post","type":"UPDATE_FUNCTION","request":{"@type":"type.googleapis.com/google.cloud.functions.v1.CloudFunction","name":"projects/linebot-rasa/locations/us-central1/functions/post","httpsTrigger":{"url":"https://us-central1-linebot-rasa.cloudfunctions.net/post","securityLevel":"SECURE_ALWAYS"},"status":"OFFLINE","entryPoint":"post","updateTime":"2023-02-23T06:58:58.385Z","versionId":"1","labels":{"deployment-tool":"cli-firebase","firebase-functions-hash":"b4cc94298dc6c4a15ff070bb202c02fc2dec886a"},"sourceUploadUrl":"https://storage.googleapis.com/uploads-50658663589.us-central1.cloudfunctions.appspot.com/2f2caa37-f663-41f2-a203-bdcfb06b4367.zip?GoogleAccessId=service-229765091440@gcf-admin-robot.iam.gserviceaccount.com&Expires=1677139530&Signature=dW3WWd5DY4yEqktgnmpAzwYJJqlSdc48bues1GfW7eHGIu7KWYQOL7yDsn2lhBqmGJO5bg%2FJHQOktIneZchUvLqlFNGWVGWHjhNOI8kJ105F4dAy454NgPzG40YuHbaE2RKL69o1eVkWMQEjKPGngINudC8vKpnyBt3tBIy3YqYD1WjIFTy%2BlCATj6xV3mt1xKvTBaMjqxZwyVok3BGgzgRtdpZzanYhcd7nnZGwPCcE9SrZrGNiCMyCJPSQe4UAdAR8Suo%2B7V79He5OsgwTDGxWJs6%2Bfia8vHKBbAlxlBHYCaxGS3MD73ioYaWlxi%2BWI0cROx1n8cKrBCNCZtqyeA%3D%3D","environmentVariables":{"FIREBASE_CONFIG":"{\"projectId\":\"linebot-rasa\",\"storageBucket\":\"linebot-rasa.appspot.com\"}","GCLOUD_PROJECT":"linebot-rasa","EVENTARC_CLOUD_EVENT_SOURCE":"projects/linebot-rasa/locations/us-central1/functions/post"},"runtime":"nodejs16","buildId":"5e3dc1cf-985c-437a-9686-bf85d9024330","buildName":"projects/229765091440/locations/us-central1/builds/5e3dc1cf-985c-437a-9686-bf85d9024330","dockerRegistry":"ARTIFACT_REGISTRY"},"versionId":"2","updateTime":"2023-02-23T07:35:31Z","buildId":"5eb9fefd-ba43-4d5a-9005-21b074e3684d","buildName":"projects/229765091440/locations/us-central1/builds/5eb9fefd-ba43-4d5a-9005-21b074e3684d"}}
[debug] [2023-02-23T07:35:40.672Z] [update-default-us-central1-post] Retrying task index 0
[debug] [2023-02-23T07:35:40.672Z] >>> [apiv2][query] GET https://cloudfunctions.googleapis.com/v1/operations/bGluZWJvdC1yYXNhL3VzLWNlbnRyYWwxL3Bvc3QvSWJKWmhudlVQVVE [none]
[debug] [2023-02-23T07:35:40.956Z] <<< [apiv2][status] GET https://cloudfunctions.googleapis.com/v1/operations/bGluZWJvdC1yYXNhL3VzLWNlbnRyYWwxL3Bvc3QvSWJKWmhudlVQVVE 200
[debug] [2023-02-23T07:35:40.956Z] <<< [apiv2][body] GET https://cloudfunctions.googleapis.com/v1/operations/bGluZWJvdC1yYXNhL3VzLWNlbnRyYWwxL3Bvc3QvSWJKWmhudlVQVVE {"name":"operations/bGluZWJvdC1yYXNhL3VzLWNlbnRyYWwxL3Bvc3QvSWJKWmhudlVQVVE","metadata":{"@type":"type.googleapis.com/google.cloud.functions.v1.OperationMetadataV1","target":"projects/linebot-rasa/locations/us-central1/functions/post","type":"UPDATE_FUNCTION","request":{"@type":"type.googleapis.com/google.cloud.functions.v1.CloudFunction","name":"projects/linebot-rasa/locations/us-central1/functions/post","httpsTrigger":{"url":"https://us-central1-linebot-rasa.cloudfunctions.net/post","securityLevel":"SECURE_ALWAYS"},"status":"OFFLINE","entryPoint":"post","updateTime":"2023-02-23T06:58:58.385Z","versionId":"1","labels":{"deployment-tool":"cli-firebase","firebase-functions-hash":"b4cc94298dc6c4a15ff070bb202c02fc2dec886a"},"sourceUploadUrl":"https://storage.googleapis.com/uploads-50658663589.us-central1.cloudfunctions.appspot.com/2f2caa37-f663-41f2-a203-bdcfb06b4367.zip?GoogleAccessId=service-229765091440@gcf-admin-robot.iam.gserviceaccount.com&Expires=1677139530&Signature=dW3WWd5DY4yEqktgnmpAzwYJJqlSdc48bues1GfW7eHGIu7KWYQOL7yDsn2lhBqmGJO5bg%2FJHQOktIneZchUvLqlFNGWVGWHjhNOI8kJ105F4dAy454NgPzG40YuHbaE2RKL69o1eVkWMQEjKPGngINudC8vKpnyBt3tBIy3YqYD1WjIFTy%2BlCATj6xV3mt1xKvTBaMjqxZwyVok3BGgzgRtdpZzanYhcd7nnZGwPCcE9SrZrGNiCMyCJPSQe4UAdAR8Suo%2B7V79He5OsgwTDGxWJs6%2Bfia8vHKBbAlxlBHYCaxGS3MD73ioYaWlxi%2BWI0cROx1n8cKrBCNCZtqyeA%3D%3D","environmentVariables":{"FIREBASE_CONFIG":"{\"projectId\":\"linebot-rasa\",\"storageBucket\":\"linebot-rasa.appspot.com\"}","GCLOUD_PROJECT":"linebot-rasa","EVENTARC_CLOUD_EVENT_SOURCE":"projects/linebot-rasa/locations/us-central1/functions/post"},"runtime":"nodejs16","buildId":"5e3dc1cf-985c-437a-9686-bf85d9024330","buildName":"projects/229765091440/locations/us-central1/builds/5e3dc1cf-985c-437a-9686-bf85d9024330","dockerRegistry":"ARTIFACT_REGISTRY"},"versionId":"2","updateTime":"2023-02-23T07:35:31Z","buildId":"5eb9fefd-ba43-4d5a-9005-21b074e3684d","buildName":"projects/229765091440/locations/us-central1/builds/5eb9fefd-ba43-4d5a-9005-21b074e3684d"}}
[debug] [2023-02-23T07:35:48.972Z] [update-default-us-central1-post] Retrying task index 0
[debug] [2023-02-23T07:35:48.977Z] >>> [apiv2][query] GET https://cloudfunctions.googleapis.com/v1/operations/bGluZWJvdC1yYXNhL3VzLWNlbnRyYWwxL3Bvc3QvSWJKWmhudlVQVVE [none]
[debug] [2023-02-23T07:35:49.294Z] <<< [apiv2][status] GET https://cloudfunctions.googleapis.com/v1/operations/bGluZWJvdC1yYXNhL3VzLWNlbnRyYWwxL3Bvc3QvSWJKWmhudlVQVVE 200
[debug] [2023-02-23T07:35:49.294Z] <<< [apiv2][body] GET https://cloudfunctions.googleapis.com/v1/operations/bGluZWJvdC1yYXNhL3VzLWNlbnRyYWwxL3Bvc3QvSWJKWmhudlVQVVE {"name":"operations/bGluZWJvdC1yYXNhL3VzLWNlbnRyYWwxL3Bvc3QvSWJKWmhudlVQVVE","metadata":{"@type":"type.googleapis.com/google.cloud.functions.v1.OperationMetadataV1","target":"projects/linebot-rasa/locations/us-central1/functions/post","type":"UPDATE_FUNCTION","request":{"@type":"type.googleapis.com/google.cloud.functions.v1.CloudFunction","name":"projects/linebot-rasa/locations/us-central1/functions/post","httpsTrigger":{"url":"https://us-central1-linebot-rasa.cloudfunctions.net/post","securityLevel":"SECURE_ALWAYS"},"status":"OFFLINE","entryPoint":"post","updateTime":"2023-02-23T06:58:58.385Z","versionId":"1","labels":{"deployment-tool":"cli-firebase","firebase-functions-hash":"b4cc94298dc6c4a15ff070bb202c02fc2dec886a"},"sourceUploadUrl":"https://storage.googleapis.com/uploads-50658663589.us-central1.cloudfunctions.appspot.com/2f2caa37-f663-41f2-a203-bdcfb06b4367.zip?GoogleAccessId=service-229765091440@gcf-admin-robot.iam.gserviceaccount.com&Expires=1677139530&Signature=dW3WWd5DY4yEqktgnmpAzwYJJqlSdc48bues1GfW7eHGIu7KWYQOL7yDsn2lhBqmGJO5bg%2FJHQOktIneZchUvLqlFNGWVGWHjhNOI8kJ105F4dAy454NgPzG40YuHbaE2RKL69o1eVkWMQEjKPGngINudC8vKpnyBt3tBIy3YqYD1WjIFTy%2BlCATj6xV3mt1xKvTBaMjqxZwyVok3BGgzgRtdpZzanYhcd7nnZGwPCcE9SrZrGNiCMyCJPSQe4UAdAR8Suo%2B7V79He5OsgwTDGxWJs6%2Bfia8vHKBbAlxlBHYCaxGS3MD73ioYaWlxi%2BWI0cROx1n8cKrBCNCZtqyeA%3D%3D","environmentVariables":{"FIREBASE_CONFIG":"{\"projectId\":\"linebot-rasa\",\"storageBucket\":\"linebot-rasa.appspot.com\"}","GCLOUD_PROJECT":"linebot-rasa","EVENTARC_CLOUD_EVENT_SOURCE":"projects/linebot-rasa/locations/us-central1/functions/post"},"runtime":"nodejs16","buildId":"5e3dc1cf-985c-437a-9686-bf85d9024330","buildName":"projects/229765091440/locations/us-central1/builds/5e3dc1cf-985c-437a-9686-bf85d9024330","dockerRegistry":"ARTIFACT_REGISTRY"},"versionId":"2","updateTime":"2023-02-23T07:35:31Z","buildId":"5eb9fefd-ba43-4d5a-9005-21b074e3684d","buildName":"projects/229765091440/locations/us-central1/builds/5eb9fefd-ba43-4d5a-9005-21b074e3684d"}}
